INFO:httpx:HTTP Request: HEAD https://huggingface.co/facebook/timesformer-base-finetuned-k400/resolve/main/config.json "HTTP/1.1 307 Temporary Redirect"
INFO:httpx:HTTP Request: HEAD https://huggingface.co/api/resolve-cache/models/facebook/timesformer-base-finetuned-k400/8aaf40ea7d3d282dcb0a5dea01a198320d15d6c0/config.json "HTTP/1.1 200 OK"
INFO:httpx:HTTP Request: GET https://huggingface.co/api/models/facebook/timesformer-base-finetuned-k400 "HTTP/1.1 200 OK"
INFO:httpx:HTTP Request: GET https://huggingface.co/api/models/facebook/timesformer-base-finetuned-k400/commits/main "HTTP/1.1 200 OK"
INFO:httpx:HTTP Request: GET https://huggingface.co/api/models/facebook/timesformer-base-finetuned-k400/discussions?p=0 "HTTP/1.1 200 OK"
INFO:httpx:HTTP Request: GET https://huggingface.co/api/models/facebook/timesformer-base-finetuned-k400/commits/refs%2Fpr%2F5 "HTTP/1.1 200 OK"
INFO:httpx:HTTP Request: HEAD https://huggingface.co/facebook/timesformer-base-finetuned-k400/resolve/refs%2Fpr%2F5/model.safetensors.index.json "HTTP/1.1 404 Not Found"
Warning: You are sending unauthenticated requests to the HF Hub. Please set a HF_TOKEN to enable higher rate limits and faster downloads.
WARNING:huggingface_hub.utils._http:Warning: You are sending unauthenticated requests to the HF Hub. Please set a HF_TOKEN to enable higher rate limits and faster downloads.
INFO:httpx:HTTP Request: HEAD https://huggingface.co/facebook/timesformer-base-finetuned-k400/resolve/refs%2Fpr%2F5/model.safetensors "HTTP/1.1 302 Found"
Loading weights:   0%|          | 0/249 [00:00<?, ?it/s]Loading weights:   1%|          | 3/249 [00:00<00:26,  9.45it/s]Loading weights:  22%|██▏       | 56/249 [00:00<00:01, 133.08it/s]Loading weights:  29%|██▉       | 73/249 [00:00<00:01, 107.52it/s]Loading weights:  35%|███▍      | 86/249 [00:01<00:02, 65.58it/s] Loading weights:  40%|████      | 100/249 [00:01<00:02, 49.88it/s]Loading weights:  43%|████▎     | 107/249 [00:01<00:02, 50.58it/s]Loading weights:  46%|████▌     | 114/249 [00:02<00:03, 42.55it/s]Loading weights:  48%|████▊     | 120/249 [00:02<00:04, 27.58it/s]Loading weights:  59%|█████▉    | 148/249 [00:02<00:01, 51.11it/s]Loading weights:  66%|██████▋   | 165/249 [00:02<00:01, 59.70it/s]Loading weights:  70%|██████▉   | 174/249 [00:03<00:01, 51.50it/s]Loading weights:  80%|███████▉  | 198/249 [00:03<00:00, 70.48it/s]Loading weights:  83%|████████▎ | 207/249 [00:03<00:00, 62.67it/s]Loading weights:  90%|████████▉ | 223/249 [00:03<00:00, 60.36it/s]Loading weights: 100%|██████████| 249/249 [00:03<00:00, 62.67it/s]
[1mTimesformerForVideoClassification LOAD REPORT[0m from: facebook/timesformer-base-finetuned-k400
Key               | Status   |                                                                                           
------------------+----------+-------------------------------------------------------------------------------------------
classifier.weight | MISMATCH | Reinit due to size mismatch - ckpt: torch.Size([400, 768]) vs model:torch.Size([101, 768])
classifier.bias   | MISMATCH | Reinit due to size mismatch - ckpt: torch.Size([400]) vs model:torch.Size([101])          

Notes:
- MISMATCH:	ckpt weights were loaded, but they did not match the original empty weight shapes.
WARNING:sampling:Failed to read frame 62 from /home/u257295/Thesis/UCF101/BaseballPitch/v_BaseballPitch_g09_c05.avi. Resampling within actual video length (0-53).
WARNING:sampling:Failed to read frame 517 from /home/u257295/Thesis/UCF101/Basketball/v_Basketball_g16_c02.avi. Resampling within actual video length (0-443).
WARNING:sampling:Failed to read frame 348 from /home/u257295/Thesis/UCF101/TrampolineJumping/v_TrampolineJumping_g14_c01.avi. Resampling within actual video length (0-298).
WARNING:sampling:Failed to read frame 203 from /home/u257295/Thesis/UCF101/WalkingWithDog/v_WalkingWithDog_g23_c04.avi. Resampling within actual video length (0-174).
WARNING:sampling:Failed to read frame 415 from /home/u257295/Thesis/UCF101/SoccerJuggling/v_SoccerJuggling_g21_c04.avi. Resampling within actual video length (0-355).
WARNING:sampling:Failed to read frame 158 from /home/u257295/Thesis/UCF101/GolfSwing/v_GolfSwing_g25_c07.avi. Resampling within actual video length (0-135).
WARNING:sampling:Failed to read frame 384 from /home/u257295/Thesis/UCF101/Diving/v_Diving_g23_c06.avi. Resampling within actual video length (0-329).
WARNING:sampling:Failed to read frame 527 from /home/u257295/Thesis/UCF101/Basketball/v_Basketball_g16_c01.avi. Resampling within actual video length (0-451).
WARNING:sampling:Failed to read frame 299 from /home/u257295/Thesis/UCF101/GolfSwing/v_GolfSwing_g22_c02.avi. Resampling within actual video length (0-256).
WARNING:sampling:Failed to read frame 239 from /home/u257295/Thesis/UCF101/WalkingWithDog/v_WalkingWithDog_g09_c06.avi. Resampling within actual video length (0-204).
WARNING:sampling:Failed to read frame 112 from /home/u257295/Thesis/UCF101/VolleyballSpiking/v_VolleyballSpiking_g22_c01.avi. Resampling within actual video length (0-96).
WARNING:sampling:Failed to read frame 302 from /home/u257295/Thesis/UCF101/GolfSwing/v_GolfSwing_g22_c01.avi. Resampling within actual video length (0-258).
WARNING:sampling:Failed to read frame 470 from /home/u257295/Thesis/UCF101/Basketball/v_Basketball_g16_c05.avi. Resampling within actual video length (0-402).
WARNING:sampling:Failed to read frame 119 from /home/u257295/Thesis/UCF101/VolleyballSpiking/v_VolleyballSpiking_g23_c02.avi. Resampling within actual video length (0-102).
WARNING:sampling:Failed to read frame 130 from /home/u257295/Thesis/UCF101/Basketball/v_Basketball_g16_c03.avi. Resampling within actual video length (0-111).
WARNING:sampling:Failed to read frame 145 from /home/u257295/Thesis/UCF101/Basketball/v_Basketball_g18_c05.avi. Resampling within actual video length (0-124).
WARNING:sampling:Failed to read frame 297 from /home/u257295/Thesis/UCF101/TennisSwing/v_TennisSwing_g16_c02.avi. Resampling within actual video length (0-254).
WARNING:sampling:Failed to read frame 229 from /home/u257295/Thesis/UCF101/WalkingWithDog/v_WalkingWithDog_g12_c03.avi. Resampling within actual video length (0-196).
WARNING:sampling:Failed to read frame 345 from /home/u257295/Thesis/UCF101/Basketball/v_Basketball_g16_c06.avi. Resampling within actual video length (0-295).
WARNING:sampling:Failed to read frame 95 from /home/u257295/Thesis/UCF101/Basketball/v_Basketball_g16_c04.avi. Resampling within actual video length (0-81).
WARNING:sampling:Failed to read frame 95 from /home/u257295/Thesis/UCF101/TennisSwing/v_TennisSwing_g24_c04.avi. Resampling within actual video length (0-81).
WARNING:sampling:Failed to read frame 67 from /home/u257295/Thesis/UCF101/BaseballPitch/v_BaseballPitch_g09_c06.avi. Resampling within actual video length (0-57).
WARNING:sampling:Failed to read frame 99 from /home/u257295/Thesis/UCF101/GolfSwing/v_GolfSwing_g11_c06.avi. Resampling within actual video length (0-84).
WARNING:sampling:Failed to read frame 299 from /home/u257295/Thesis/UCF101/SoccerJuggling/v_SoccerJuggling_g24_c07.avi. Resampling within actual video length (0-256).
WARNING:sampling:Failed to read frame 269 from /home/u257295/Thesis/UCF101/TennisSwing/v_TennisSwing_g23_c01.avi. Resampling within actual video length (0-230).
WARNING:sampling:Failed to read frame 239 from /home/u257295/Thesis/UCF101/SoccerJuggling/v_SoccerJuggling_g14_c03.avi. Resampling within actual video length (0-204).
WARNING:sampling:Failed to read frame 119 from /home/u257295/Thesis/UCF101/JumpingJack/v_JumpingJack_g20_c01.avi. Resampling within actual video length (0-102).
WARNING:sampling:Failed to read frame 207 from /home/u257295/Thesis/UCF101/VolleyballSpiking/v_VolleyballSpiking_g23_c03.avi. Resampling within actual video length (0-177).
WARNING:sampling:Failed to read frame 359 from /home/u257295/Thesis/UCF101/SoccerJuggling/v_SoccerJuggling_g24_c05.avi. Resampling within actual video length (0-307).
WARNING:sampling:Failed to read frame 239 from /home/u257295/Thesis/UCF101/SoccerJuggling/v_SoccerJuggling_g20_c05.avi. Resampling within actual video length (0-204).
WARNING:sampling:Failed to read frame 148 from /home/u257295/Thesis/UCF101/GolfSwing/v_GolfSwing_g24_c07.avi. Resampling within actual video length (0-126).
WARNING:sampling:Failed to read frame 317 from /home/u257295/Thesis/UCF101/Swing/v_Swing_g25_c04.avi. Resampling within actual video length (0-271).
WARNING:sampling:Failed to read frame 371 from /home/u257295/Thesis/UCF101/Kayaking/v_Kayaking_g12_c03.avi. Resampling within actual video length (0-318).
WARNING:sampling:Failed to read frame 72 from /home/u257295/Thesis/UCF101/BaseballPitch/v_BaseballPitch_g09_c03.avi. Resampling within actual video length (0-61).
WARNING:sampling:Failed to read frame 119 from /home/u257295/Thesis/UCF101/WalkingWithDog/v_WalkingWithDog_g13_c05.avi. Resampling within actual video length (0-102).
WARNING:sampling:Failed to read frame 182 from /home/u257295/Thesis/UCF101/Diving/v_Diving_g22_c06.avi. Resampling within actual video length (0-156).
WARNING:sampling:Failed to read frame 299 from /home/u257295/Thesis/UCF101/Basketball/v_Basketball_g13_c04.avi. Resampling within actual video length (0-256).
WARNING:sampling:Failed to read frame 347 from /home/u257295/Thesis/UCF101/GolfSwing/v_GolfSwing_g22_c03.avi. Resampling within actual video length (0-297).
WARNING:sampling:Failed to read frame 321 from /home/u257295/Thesis/UCF101/TennisSwing/v_TennisSwing_g16_c04.avi. Resampling within actual video length (0-275).
WARNING:sampling:Failed to read frame 239 from /home/u257295/Thesis/UCF101/WalkingWithDog/v_WalkingWithDog_g23_c02.avi. Resampling within actual video length (0-204).
WARNING:sampling:Failed to read frame 297 from /home/u257295/Thesis/UCF101/TennisSwing/v_TennisSwing_g16_c02.avi. Resampling within actual video length (0-254).
WARNING:sampling:Failed to read frame 371 from /home/u257295/Thesis/UCF101/Kayaking/v_Kayaking_g12_c03.avi. Resampling within actual video length (0-318).
WARNING:sampling:Failed to read frame 384 from /home/u257295/Thesis/UCF101/Diving/v_Diving_g23_c06.avi. Resampling within actual video length (0-329).
WARNING:sampling:Failed to read frame 99 from /home/u257295/Thesis/UCF101/GolfSwing/v_GolfSwing_g11_c06.avi. Resampling within actual video length (0-84).
WARNING:sampling:Failed to read frame 359 from /home/u257295/Thesis/UCF101/SoccerJuggling/v_SoccerJuggling_g24_c05.avi. Resampling within actual video length (0-307).
WARNING:sampling:Failed to read frame 269 from /home/u257295/Thesis/UCF101/TennisSwing/v_TennisSwing_g23_c01.avi. Resampling within actual video length (0-230).
WARNING:sampling:Failed to read frame 299 from /home/u257295/Thesis/UCF101/SoccerJuggling/v_SoccerJuggling_g24_c07.avi. Resampling within actual video length (0-256).
WARNING:sampling:Failed to read frame 119 from /home/u257295/Thesis/UCF101/JumpingJack/v_JumpingJack_g20_c01.avi. Resampling within actual video length (0-102).
WARNING:sampling:Failed to read frame 348 from /home/u257295/Thesis/UCF101/TrampolineJumping/v_TrampolineJumping_g14_c01.avi. Resampling within actual video length (0-298).
WARNING:sampling:Failed to read frame 321 from /home/u257295/Thesis/UCF101/TennisSwing/v_TennisSwing_g16_c04.avi. Resampling within actual video length (0-275).
WARNING:sampling:Failed to read frame 119 from /home/u257295/Thesis/UCF101/WalkingWithDog/v_WalkingWithDog_g13_c05.avi. Resampling within actual video length (0-102).
WARNING:sampling:Failed to read frame 130 from /home/u257295/Thesis/UCF101/Basketball/v_Basketball_g16_c03.avi. Resampling within actual video length (0-111).
WARNING:sampling:Failed to read frame 299 from /home/u257295/Thesis/UCF101/Basketball/v_Basketball_g13_c04.avi. Resampling within actual video length (0-256).
WARNING:sampling:Failed to read frame 182 from /home/u257295/Thesis/UCF101/Diving/v_Diving_g22_c06.avi. Resampling within actual video length (0-156).
WARNING:sampling:Failed to read frame 415 from /home/u257295/Thesis/UCF101/SoccerJuggling/v_SoccerJuggling_g21_c04.avi. Resampling within actual video length (0-355).
WARNING:sampling:Failed to read frame 347 from /home/u257295/Thesis/UCF101/GolfSwing/v_GolfSwing_g22_c03.avi. Resampling within actual video length (0-297).
WARNING:sampling:Failed to read frame 229 from /home/u257295/Thesis/UCF101/WalkingWithDog/v_WalkingWithDog_g12_c03.avi. Resampling within actual video length (0-196).
WARNING:sampling:Failed to read frame 95 from /home/u257295/Thesis/UCF101/Basketball/v_Basketball_g16_c04.avi. Resampling within actual video length (0-81).
WARNING:sampling:Failed to read frame 517 from /home/u257295/Thesis/UCF101/Basketball/v_Basketball_g16_c02.avi. Resampling within actual video length (0-443).
WARNING:sampling:Failed to read frame 112 from /home/u257295/Thesis/UCF101/VolleyballSpiking/v_VolleyballSpiking_g22_c01.avi. Resampling within actual video length (0-96).
WARNING:sampling:Failed to read frame 158 from /home/u257295/Thesis/UCF101/GolfSwing/v_GolfSwing_g25_c07.avi. Resampling within actual video length (0-135).
WARNING:sampling:Failed to read frame 239 from /home/u257295/Thesis/UCF101/WalkingWithDog/v_WalkingWithDog_g09_c06.avi. Resampling within actual video length (0-204).
WARNING:sampling:Failed to read frame 470 from /home/u257295/Thesis/UCF101/Basketball/v_Basketball_g16_c05.avi. Resampling within actual video length (0-402).
WARNING:sampling:Failed to read frame 207 from /home/u257295/Thesis/UCF101/VolleyballSpiking/v_VolleyballSpiking_g23_c03.avi. Resampling within actual video length (0-177).
WARNING:sampling:Failed to read frame 72 from /home/u257295/Thesis/UCF101/BaseballPitch/v_BaseballPitch_g09_c03.avi. Resampling within actual video length (0-61).
WARNING:sampling:Failed to read frame 299 from /home/u257295/Thesis/UCF101/GolfSwing/v_GolfSwing_g22_c02.avi. Resampling within actual video length (0-256).
WARNING:sampling:Failed to read frame 145 from /home/u257295/Thesis/UCF101/Basketball/v_Basketball_g18_c05.avi. Resampling within actual video length (0-124).
WARNING:sampling:Failed to read frame 67 from /home/u257295/Thesis/UCF101/BaseballPitch/v_BaseballPitch_g09_c06.avi. Resampling within actual video length (0-57).
WARNING:sampling:Failed to read frame 95 from /home/u257295/Thesis/UCF101/TennisSwing/v_TennisSwing_g24_c04.avi. Resampling within actual video length (0-81).
WARNING:sampling:Failed to read frame 239 from /home/u257295/Thesis/UCF101/WalkingWithDog/v_WalkingWithDog_g23_c02.avi. Resampling within actual video length (0-204).
WARNING:sampling:Failed to read frame 345 from /home/u257295/Thesis/UCF101/Basketball/v_Basketball_g16_c06.avi. Resampling within actual video length (0-295).
WARNING:sampling:Failed to read frame 239 from /home/u257295/Thesis/UCF101/SoccerJuggling/v_SoccerJuggling_g20_c05.avi. Resampling within actual video length (0-204).
WARNING:sampling:Failed to read frame 317 from /home/u257295/Thesis/UCF101/Swing/v_Swing_g25_c04.avi. Resampling within actual video length (0-271).
WARNING:sampling:Failed to read frame 527 from /home/u257295/Thesis/UCF101/Basketball/v_Basketball_g16_c01.avi. Resampling within actual video length (0-451).
WARNING:sampling:Failed to read frame 239 from /home/u257295/Thesis/UCF101/SoccerJuggling/v_SoccerJuggling_g14_c03.avi. Resampling within actual video length (0-204).
WARNING:sampling:Failed to read frame 62 from /home/u257295/Thesis/UCF101/BaseballPitch/v_BaseballPitch_g09_c05.avi. Resampling within actual video length (0-53).
WARNING:sampling:Failed to read frame 203 from /home/u257295/Thesis/UCF101/WalkingWithDog/v_WalkingWithDog_g23_c04.avi. Resampling within actual video length (0-174).
WARNING:sampling:Failed to read frame 148 from /home/u257295/Thesis/UCF101/GolfSwing/v_GolfSwing_g24_c07.avi. Resampling within actual video length (0-126).
WARNING:sampling:Failed to read frame 302 from /home/u257295/Thesis/UCF101/GolfSwing/v_GolfSwing_g22_c01.avi. Resampling within actual video length (0-258).
WARNING:sampling:Failed to read frame 119 from /home/u257295/Thesis/UCF101/VolleyballSpiking/v_VolleyballSpiking_g23_c02.avi. Resampling within actual video length (0-102).
WARNING:sampling:Failed to read frame 158 from /home/u257295/Thesis/UCF101/GolfSwing/v_GolfSwing_g25_c07.avi. Resampling within actual video length (0-135).
WARNING:sampling:Failed to read frame 239 from /home/u257295/Thesis/UCF101/SoccerJuggling/v_SoccerJuggling_g14_c03.avi. Resampling within actual video length (0-204).
WARNING:sampling:Failed to read frame 99 from /home/u257295/Thesis/UCF101/GolfSwing/v_GolfSwing_g11_c06.avi. Resampling within actual video length (0-84).
WARNING:sampling:Failed to read frame 302 from /home/u257295/Thesis/UCF101/GolfSwing/v_GolfSwing_g22_c01.avi. Resampling within actual video length (0-258).
WARNING:sampling:Failed to read frame 299 from /home/u257295/Thesis/UCF101/Basketball/v_Basketball_g13_c04.avi. Resampling within actual video length (0-256).
WARNING:sampling:Failed to read frame 119 from /home/u257295/Thesis/UCF101/JumpingJack/v_JumpingJack_g20_c01.avi. Resampling within actual video length (0-102).
WARNING:sampling:Failed to read frame 145 from /home/u257295/Thesis/UCF101/Basketball/v_Basketball_g18_c05.avi. Resampling within actual video length (0-124).
WARNING:sampling:Failed to read frame 317 from /home/u257295/Thesis/UCF101/Swing/v_Swing_g25_c04.avi. Resampling within actual video length (0-271).
WARNING:sampling:Failed to read frame 371 from /home/u257295/Thesis/UCF101/Kayaking/v_Kayaking_g12_c03.avi. Resampling within actual video length (0-318).
WARNING:sampling:Failed to read frame 415 from /home/u257295/Thesis/UCF101/SoccerJuggling/v_SoccerJuggling_g21_c04.avi. Resampling within actual video length (0-355).
WARNING:sampling:Failed to read frame 269 from /home/u257295/Thesis/UCF101/TennisSwing/v_TennisSwing_g23_c01.avi. Resampling within actual video length (0-230).
WARNING:sampling:Failed to read frame 239 from /home/u257295/Thesis/UCF101/SoccerJuggling/v_SoccerJuggling_g20_c05.avi. Resampling within actual video length (0-204).
WARNING:sampling:Failed to read frame 95 from /home/u257295/Thesis/UCF101/Basketball/v_Basketball_g16_c04.avi. Resampling within actual video length (0-81).
WARNING:sampling:Failed to read frame 182 from /home/u257295/Thesis/UCF101/Diving/v_Diving_g22_c06.avi. Resampling within actual video length (0-156).
WARNING:sampling:Failed to read frame 239 from /home/u257295/Thesis/UCF101/WalkingWithDog/v_WalkingWithDog_g09_c06.avi. Resampling within actual video length (0-204).
WARNING:sampling:Failed to read frame 239 from /home/u257295/Thesis/UCF101/WalkingWithDog/v_WalkingWithDog_g23_c02.avi. Resampling within actual video length (0-204).
WARNING:sampling:Failed to read frame 72 from /home/u257295/Thesis/UCF101/BaseballPitch/v_BaseballPitch_g09_c03.avi. Resampling within actual video length (0-61).
WARNING:sampling:Failed to read frame 119 from /home/u257295/Thesis/UCF101/WalkingWithDog/v_WalkingWithDog_g13_c05.avi. Resampling within actual video length (0-102).
WARNING:sampling:Failed to read frame 148 from /home/u257295/Thesis/UCF101/GolfSwing/v_GolfSwing_g24_c07.avi. Resampling within actual video length (0-126).
WARNING:sampling:Failed to read frame 229 from /home/u257295/Thesis/UCF101/WalkingWithDog/v_WalkingWithDog_g12_c03.avi. Resampling within actual video length (0-196).
WARNING:sampling:Failed to read frame 297 from /home/u257295/Thesis/UCF101/TennisSwing/v_TennisSwing_g16_c02.avi. Resampling within actual video length (0-254).
WARNING:sampling:Failed to read frame 67 from /home/u257295/Thesis/UCF101/BaseballPitch/v_BaseballPitch_g09_c06.avi. Resampling within actual video length (0-57).
WARNING:sampling:Failed to read frame 345 from /home/u257295/Thesis/UCF101/Basketball/v_Basketball_g16_c06.avi. Resampling within actual video length (0-295).
WARNING:sampling:Failed to read frame 470 from /home/u257295/Thesis/UCF101/Basketball/v_Basketball_g16_c05.avi. Resampling within actual video length (0-402).
WARNING:sampling:Failed to read frame 299 from /home/u257295/Thesis/UCF101/SoccerJuggling/v_SoccerJuggling_g24_c07.avi. Resampling within actual video length (0-256).
WARNING:sampling:Failed to read frame 359 from /home/u257295/Thesis/UCF101/SoccerJuggling/v_SoccerJuggling_g24_c05.avi. Resampling within actual video length (0-307).
WARNING:sampling:Failed to read frame 130 from /home/u257295/Thesis/UCF101/Basketball/v_Basketball_g16_c03.avi. Resampling within actual video length (0-111).
WARNING:sampling:Failed to read frame 384 from /home/u257295/Thesis/UCF101/Diving/v_Diving_g23_c06.avi. Resampling within actual video length (0-329).
WARNING:sampling:Failed to read frame 95 from /home/u257295/Thesis/UCF101/TennisSwing/v_TennisSwing_g24_c04.avi. Resampling within actual video length (0-81).
WARNING:sampling:Failed to read frame 203 from /home/u257295/Thesis/UCF101/WalkingWithDog/v_WalkingWithDog_g23_c04.avi. Resampling within actual video length (0-174).
WARNING:sampling:Failed to read frame 299 from /home/u257295/Thesis/UCF101/GolfSwing/v_GolfSwing_g22_c02.avi. Resampling within actual video length (0-256).
WARNING:sampling:Failed to read frame 207 from /home/u257295/Thesis/UCF101/VolleyballSpiking/v_VolleyballSpiking_g23_c03.avi. Resampling within actual video length (0-177).
WARNING:sampling:Failed to read frame 347 from /home/u257295/Thesis/UCF101/GolfSwing/v_GolfSwing_g22_c03.avi. Resampling within actual video length (0-297).
WARNING:sampling:Failed to read frame 62 from /home/u257295/Thesis/UCF101/BaseballPitch/v_BaseballPitch_g09_c05.avi. Resampling within actual video length (0-53).
WARNING:sampling:Failed to read frame 517 from /home/u257295/Thesis/UCF101/Basketball/v_Basketball_g16_c02.avi. Resampling within actual video length (0-443).
WARNING:sampling:Failed to read frame 112 from /home/u257295/Thesis/UCF101/VolleyballSpiking/v_VolleyballSpiking_g22_c01.avi. Resampling within actual video length (0-96).
WARNING:sampling:Failed to read frame 119 from /home/u257295/Thesis/UCF101/VolleyballSpiking/v_VolleyballSpiking_g23_c02.avi. Resampling within actual video length (0-102).
WARNING:sampling:Failed to read frame 321 from /home/u257295/Thesis/UCF101/TennisSwing/v_TennisSwing_g16_c04.avi. Resampling within actual video length (0-275).
WARNING:sampling:Failed to read frame 348 from /home/u257295/Thesis/UCF101/TrampolineJumping/v_TrampolineJumping_g14_c01.avi. Resampling within actual video length (0-298).
WARNING:sampling:Failed to read frame 527 from /home/u257295/Thesis/UCF101/Basketball/v_Basketball_g16_c01.avi. Resampling within actual video length (0-451).
WARNING:sampling:Failed to read frame 119 from /home/u257295/Thesis/UCF101/WalkingWithDog/v_WalkingWithDog_g13_c05.avi. Resampling within actual video length (0-102).
WARNING:sampling:Failed to read frame 299 from /home/u257295/Thesis/UCF101/GolfSwing/v_GolfSwing_g22_c02.avi. Resampling within actual video length (0-256).
WARNING:sampling:Failed to read frame 321 from /home/u257295/Thesis/UCF101/TennisSwing/v_TennisSwing_g16_c04.avi. Resampling within actual video length (0-275).
WARNING:sampling:Failed to read frame 517 from /home/u257295/Thesis/UCF101/Basketball/v_Basketball_g16_c02.avi. Resampling within actual video length (0-443).
WARNING:sampling:Failed to read frame 299 from /home/u257295/Thesis/UCF101/Basketball/v_Basketball_g13_c04.avi. Resampling within actual video length (0-256).
WARNING:sampling:Failed to read frame 359 from /home/u257295/Thesis/UCF101/SoccerJuggling/v_SoccerJuggling_g24_c05.avi. Resampling within actual video length (0-307).
WARNING:sampling:Failed to read frame 158 from /home/u257295/Thesis/UCF101/GolfSwing/v_GolfSwing_g25_c07.avi. Resampling within actual video length (0-135).
WARNING:sampling:Failed to read frame 297 from /home/u257295/Thesis/UCF101/TennisSwing/v_TennisSwing_g16_c02.avi. Resampling within actual video length (0-254).
WARNING:sampling:Failed to read frame 239 from /home/u257295/Thesis/UCF101/WalkingWithDog/v_WalkingWithDog_g09_c06.avi. Resampling within actual video length (0-204).
WARNING:sampling:Failed to read frame 299 from /home/u257295/Thesis/UCF101/SoccerJuggling/v_SoccerJuggling_g24_c07.avi. Resampling within actual video length (0-256).
WARNING:sampling:Failed to read frame 345 from /home/u257295/Thesis/UCF101/Basketball/v_Basketball_g16_c06.avi. Resampling within actual video length (0-295).
WARNING:sampling:Failed to read frame 182 from /home/u257295/Thesis/UCF101/Diving/v_Diving_g22_c06.avi. Resampling within actual video length (0-156).
WARNING:sampling:Failed to read frame 119 from /home/u257295/Thesis/UCF101/VolleyballSpiking/v_VolleyballSpiking_g23_c02.avi. Resampling within actual video length (0-102).
WARNING:sampling:Failed to read frame 269 from /home/u257295/Thesis/UCF101/TennisSwing/v_TennisSwing_g23_c01.avi. Resampling within actual video length (0-230).
WARNING:sampling:Failed to read frame 119 from /home/u257295/Thesis/UCF101/JumpingJack/v_JumpingJack_g20_c01.avi. Resampling within actual video length (0-102).
WARNING:sampling:Failed to read frame 348 from /home/u257295/Thesis/UCF101/TrampolineJumping/v_TrampolineJumping_g14_c01.avi. Resampling within actual video length (0-298).
WARNING:sampling:Failed to read frame 203 from /home/u257295/Thesis/UCF101/WalkingWithDog/v_WalkingWithDog_g23_c04.avi. Resampling within actual video length (0-174).
WARNING:sampling:Failed to read frame 239 from /home/u257295/Thesis/UCF101/SoccerJuggling/v_SoccerJuggling_g20_c05.avi. Resampling within actual video length (0-204).
WARNING:sampling:Failed to read frame 302 from /home/u257295/Thesis/UCF101/GolfSwing/v_GolfSwing_g22_c01.avi. Resampling within actual video length (0-258).
WARNING:sampling:Failed to read frame 112 from /home/u257295/Thesis/UCF101/VolleyballSpiking/v_VolleyballSpiking_g22_c01.avi. Resampling within actual video length (0-96).
WARNING:sampling:Failed to read frame 62 from /home/u257295/Thesis/UCF101/BaseballPitch/v_BaseballPitch_g09_c05.avi. Resampling within actual video length (0-53).
WARNING:sampling:Failed to read frame 371 from /home/u257295/Thesis/UCF101/Kayaking/v_Kayaking_g12_c03.avi. Resampling within actual video length (0-318).
WARNING:sampling:Failed to read frame 470 from /home/u257295/Thesis/UCF101/Basketball/v_Basketball_g16_c05.avi. Resampling within actual video length (0-402).
WARNING:sampling:Failed to read frame 95 from /home/u257295/Thesis/UCF101/Basketball/v_Basketball_g16_c04.avi. Resampling within actual video length (0-81).
WARNING:sampling:Failed to read frame 317 from /home/u257295/Thesis/UCF101/Swing/v_Swing_g25_c04.avi. Resampling within actual video length (0-271).
WARNING:sampling:Failed to read frame 145 from /home/u257295/Thesis/UCF101/Basketball/v_Basketball_g18_c05.avi. Resampling within actual video length (0-124).
WARNING:sampling:Failed to read frame 67 from /home/u257295/Thesis/UCF101/BaseballPitch/v_BaseballPitch_g09_c06.avi. Resampling within actual video length (0-57).
WARNING:sampling:Failed to read frame 239 from /home/u257295/Thesis/UCF101/WalkingWithDog/v_WalkingWithDog_g23_c02.avi. Resampling within actual video length (0-204).
WARNING:sampling:Failed to read frame 95 from /home/u257295/Thesis/UCF101/TennisSwing/v_TennisSwing_g24_c04.avi. Resampling within actual video length (0-81).
WARNING:sampling:Failed to read frame 229 from /home/u257295/Thesis/UCF101/WalkingWithDog/v_WalkingWithDog_g12_c03.avi. Resampling within actual video length (0-196).
WARNING:sampling:Failed to read frame 415 from /home/u257295/Thesis/UCF101/SoccerJuggling/v_SoccerJuggling_g21_c04.avi. Resampling within actual video length (0-355).
WARNING:sampling:Failed to read frame 207 from /home/u257295/Thesis/UCF101/VolleyballSpiking/v_VolleyballSpiking_g23_c03.avi. Resampling within actual video length (0-177).
WARNING:sampling:Failed to read frame 148 from /home/u257295/Thesis/UCF101/GolfSwing/v_GolfSwing_g24_c07.avi. Resampling within actual video length (0-126).
WARNING:sampling:Failed to read frame 99 from /home/u257295/Thesis/UCF101/GolfSwing/v_GolfSwing_g11_c06.avi. Resampling within actual video length (0-84).
WARNING:sampling:Failed to read frame 384 from /home/u257295/Thesis/UCF101/Diving/v_Diving_g23_c06.avi. Resampling within actual video length (0-329).
WARNING:sampling:Failed to read frame 527 from /home/u257295/Thesis/UCF101/Basketball/v_Basketball_g16_c01.avi. Resampling within actual video length (0-451).
WARNING:sampling:Failed to read frame 72 from /home/u257295/Thesis/UCF101/BaseballPitch/v_BaseballPitch_g09_c03.avi. Resampling within actual video length (0-61).
WARNING:sampling:Failed to read frame 239 from /home/u257295/Thesis/UCF101/SoccerJuggling/v_SoccerJuggling_g14_c03.avi. Resampling within actual video length (0-204).
WARNING:sampling:Failed to read frame 347 from /home/u257295/Thesis/UCF101/GolfSwing/v_GolfSwing_g22_c03.avi. Resampling within actual video length (0-297).
WARNING:sampling:Failed to read frame 130 from /home/u257295/Thesis/UCF101/Basketball/v_Basketball_g16_c03.avi. Resampling within actual video length (0-111).
WARNING:sampling:Failed to read frame 415 from /home/u257295/Thesis/UCF101/SoccerJuggling/v_SoccerJuggling_g21_c04.avi. Resampling within actual video length (0-355).
WARNING:sampling:Failed to read frame 119 from /home/u257295/Thesis/UCF101/VolleyballSpiking/v_VolleyballSpiking_g23_c02.avi. Resampling within actual video length (0-102).
WARNING:sampling:Failed to read frame 119 from /home/u257295/Thesis/UCF101/JumpingJack/v_JumpingJack_g20_c01.avi. Resampling within actual video length (0-102).
WARNING:sampling:Failed to read frame 207 from /home/u257295/Thesis/UCF101/VolleyballSpiking/v_VolleyballSpiking_g23_c03.avi. Resampling within actual video length (0-177).
WARNING:sampling:Failed to read frame 317 from /home/u257295/Thesis/UCF101/Swing/v_Swing_g25_c04.avi. Resampling within actual video length (0-271).
WARNING:sampling:Failed to read frame 95 from /home/u257295/Thesis/UCF101/Basketball/v_Basketball_g16_c04.avi. Resampling within actual video length (0-81).
WARNING:sampling:Failed to read frame 517 from /home/u257295/Thesis/UCF101/Basketball/v_Basketball_g16_c02.avi. Resampling within actual video length (0-443).
WARNING:sampling:Failed to read frame 470 from /home/u257295/Thesis/UCF101/Basketball/v_Basketball_g16_c05.avi. Resampling within actual video length (0-402).
WARNING:sampling:Failed to read frame 239 from /home/u257295/Thesis/UCF101/WalkingWithDog/v_WalkingWithDog_g09_c06.avi. Resampling within actual video length (0-204).
WARNING:sampling:Failed to read frame 348 from /home/u257295/Thesis/UCF101/TrampolineJumping/v_TrampolineJumping_g14_c01.avi. Resampling within actual video length (0-298).
WARNING:sampling:Failed to read frame 359 from /home/u257295/Thesis/UCF101/SoccerJuggling/v_SoccerJuggling_g24_c05.avi. Resampling within actual video length (0-307).
WARNING:sampling:Failed to read frame 299 from /home/u257295/Thesis/UCF101/SoccerJuggling/v_SoccerJuggling_g24_c07.avi. Resampling within actual video length (0-256).
WARNING:sampling:Failed to read frame 158 from /home/u257295/Thesis/UCF101/GolfSwing/v_GolfSwing_g25_c07.avi. Resampling within actual video length (0-135).
WARNING:sampling:Failed to read frame 119 from /home/u257295/Thesis/UCF101/WalkingWithDog/v_WalkingWithDog_g13_c05.avi. Resampling within actual video length (0-102).
WARNING:sampling:Failed to read frame 130 from /home/u257295/Thesis/UCF101/Basketball/v_Basketball_g16_c03.avi. Resampling within actual video length (0-111).
WARNING:sampling:Failed to read frame 182 from /home/u257295/Thesis/UCF101/Diving/v_Diving_g22_c06.avi. Resampling within actual video length (0-156).
WARNING:sampling:Failed to read frame 95 from /home/u257295/Thesis/UCF101/TennisSwing/v_TennisSwing_g24_c04.avi. Resampling within actual video length (0-81).
WARNING:sampling:Failed to read frame 67 from /home/u257295/Thesis/UCF101/BaseballPitch/v_BaseballPitch_g09_c06.avi. Resampling within actual video length (0-57).
WARNING:sampling:Failed to read frame 239 from /home/u257295/Thesis/UCF101/SoccerJuggling/v_SoccerJuggling_g20_c05.avi. Resampling within actual video length (0-204).
WARNING:sampling:Failed to read frame 299 from /home/u257295/Thesis/UCF101/Basketball/v_Basketball_g13_c04.avi. Resampling within actual video length (0-256).
WARNING:sampling:Failed to read frame 297 from /home/u257295/Thesis/UCF101/TennisSwing/v_TennisSwing_g16_c02.avi. Resampling within actual video length (0-254).
WARNING:sampling:Failed to read frame 347 from /home/u257295/Thesis/UCF101/GolfSwing/v_GolfSwing_g22_c03.avi. Resampling within actual video length (0-297).
WARNING:sampling:Failed to read frame 99 from /home/u257295/Thesis/UCF101/GolfSwing/v_GolfSwing_g11_c06.avi. Resampling within actual video length (0-84).
WARNING:sampling:Failed to read frame 148 from /home/u257295/Thesis/UCF101/GolfSwing/v_GolfSwing_g24_c07.avi. Resampling within actual video length (0-126).
WARNING:sampling:Failed to read frame 384 from /home/u257295/Thesis/UCF101/Diving/v_Diving_g23_c06.avi. Resampling within actual video length (0-329).
WARNING:sampling:Failed to read frame 229 from /home/u257295/Thesis/UCF101/WalkingWithDog/v_WalkingWithDog_g12_c03.avi. Resampling within actual video length (0-196).
WARNING:sampling:Failed to read frame 112 from /home/u257295/Thesis/UCF101/VolleyballSpiking/v_VolleyballSpiking_g22_c01.avi. Resampling within actual video length (0-96).
WARNING:sampling:Failed to read frame 302 from /home/u257295/Thesis/UCF101/GolfSwing/v_GolfSwing_g22_c01.avi. Resampling within actual video length (0-258).
WARNING:sampling:Failed to read frame 145 from /home/u257295/Thesis/UCF101/Basketball/v_Basketball_g18_c05.avi. Resampling within actual video length (0-124).
WARNING:sampling:Failed to read frame 203 from /home/u257295/Thesis/UCF101/WalkingWithDog/v_WalkingWithDog_g23_c04.avi. Resampling within actual video length (0-174).
WARNING:sampling:Failed to read frame 527 from /home/u257295/Thesis/UCF101/Basketball/v_Basketball_g16_c01.avi. Resampling within actual video length (0-451).
WARNING:sampling:Failed to read frame 269 from /home/u257295/Thesis/UCF101/TennisSwing/v_TennisSwing_g23_c01.avi. Resampling within actual video length (0-230).
WARNING:sampling:Failed to read frame 345 from /home/u257295/Thesis/UCF101/Basketball/v_Basketball_g16_c06.avi. Resampling within actual video length (0-295).
WARNING:sampling:Failed to read frame 62 from /home/u257295/Thesis/UCF101/BaseballPitch/v_BaseballPitch_g09_c05.avi. Resampling within actual video length (0-53).
WARNING:sampling:Failed to read frame 371 from /home/u257295/Thesis/UCF101/Kayaking/v_Kayaking_g12_c03.avi. Resampling within actual video length (0-318).
WARNING:sampling:Failed to read frame 299 from /home/u257295/Thesis/UCF101/GolfSwing/v_GolfSwing_g22_c02.avi. Resampling within actual video length (0-256).
WARNING:sampling:Failed to read frame 321 from /home/u257295/Thesis/UCF101/TennisSwing/v_TennisSwing_g16_c04.avi. Resampling within actual video length (0-275).
WARNING:sampling:Failed to read frame 239 from /home/u257295/Thesis/UCF101/WalkingWithDog/v_WalkingWithDog_g23_c02.avi. Resampling within actual video length (0-204).
WARNING:sampling:Failed to read frame 72 from /home/u257295/Thesis/UCF101/BaseballPitch/v_BaseballPitch_g09_c03.avi. Resampling within actual video length (0-61).
WARNING:sampling:Failed to read frame 239 from /home/u257295/Thesis/UCF101/SoccerJuggling/v_SoccerJuggling_g14_c03.avi. Resampling within actual video length (0-204).
WARNING:sampling:Failed to read frame 299 from /home/u257295/Thesis/UCF101/Basketball/v_Basketball_g13_c04.avi. Resampling within actual video length (0-256).
WARNING:sampling:Failed to read frame 229 from /home/u257295/Thesis/UCF101/WalkingWithDog/v_WalkingWithDog_g12_c03.avi. Resampling within actual video length (0-196).
WARNING:sampling:Failed to read frame 119 from /home/u257295/Thesis/UCF101/WalkingWithDog/v_WalkingWithDog_g13_c05.avi. Resampling within actual video length (0-102).
WARNING:sampling:Failed to read frame 269 from /home/u257295/Thesis/UCF101/TennisSwing/v_TennisSwing_g23_c01.avi. Resampling within actual video length (0-230).
WARNING:sampling:Failed to read frame 348 from /home/u257295/Thesis/UCF101/TrampolineJumping/v_TrampolineJumping_g14_c01.avi. Resampling within actual video length (0-298).
WARNING:sampling:Failed to read frame 239 from /home/u257295/Thesis/UCF101/WalkingWithDog/v_WalkingWithDog_g23_c02.avi. Resampling within actual video length (0-204).
WARNING:sampling:Failed to read frame 145 from /home/u257295/Thesis/UCF101/Basketball/v_Basketball_g18_c05.avi. Resampling within actual video length (0-124).
WARNING:sampling:Failed to read frame 239 from /home/u257295/Thesis/UCF101/SoccerJuggling/v_SoccerJuggling_g14_c03.avi. Resampling within actual video length (0-204).
WARNING:sampling:Failed to read frame 297 from /home/u257295/Thesis/UCF101/TennisSwing/v_TennisSwing_g16_c02.avi. Resampling within actual video length (0-254).
WARNING:sampling:Failed to read frame 384 from /home/u257295/Thesis/UCF101/Diving/v_Diving_g23_c06.avi. Resampling within actual video length (0-329).
WARNING:sampling:Failed to read frame 62 from /home/u257295/Thesis/UCF101/BaseballPitch/v_BaseballPitch_g09_c05.avi. Resampling within actual video length (0-53).
WARNING:sampling:Failed to read frame 119 from /home/u257295/Thesis/UCF101/VolleyballSpiking/v_VolleyballSpiking_g23_c02.avi. Resampling within actual video length (0-102).
WARNING:sampling:Failed to read frame 317 from /home/u257295/Thesis/UCF101/Swing/v_Swing_g25_c04.avi. Resampling within actual video length (0-271).
WARNING:sampling:Failed to read frame 207 from /home/u257295/Thesis/UCF101/VolleyballSpiking/v_VolleyballSpiking_g23_c03.avi. Resampling within actual video length (0-177).
WARNING:sampling:Failed to read frame 239 from /home/u257295/Thesis/UCF101/WalkingWithDog/v_WalkingWithDog_g09_c06.avi. Resampling within actual video length (0-204).
WARNING:sampling:Failed to read frame 345 from /home/u257295/Thesis/UCF101/Basketball/v_Basketball_g16_c06.avi. Resampling within actual video length (0-295).
WARNING:sampling:Failed to read frame 239 from /home/u257295/Thesis/UCF101/SoccerJuggling/v_SoccerJuggling_g20_c05.avi. Resampling within actual video length (0-204).
WARNING:sampling:Failed to read frame 299 from /home/u257295/Thesis/UCF101/GolfSwing/v_GolfSwing_g22_c02.avi. Resampling within actual video length (0-256).
WARNING:sampling:Failed to read frame 99 from /home/u257295/Thesis/UCF101/GolfSwing/v_GolfSwing_g11_c06.avi. Resampling within actual video length (0-84).
WARNING:sampling:Failed to read frame 72 from /home/u257295/Thesis/UCF101/BaseballPitch/v_BaseballPitch_g09_c03.avi. Resampling within actual video length (0-61).
WARNING:sampling:Failed to read frame 415 from /home/u257295/Thesis/UCF101/SoccerJuggling/v_SoccerJuggling_g21_c04.avi. Resampling within actual video length (0-355).
WARNING:sampling:Failed to read frame 299 from /home/u257295/Thesis/UCF101/SoccerJuggling/v_SoccerJuggling_g24_c07.avi. Resampling within actual video length (0-256).
WARNING:sampling:Failed to read frame 203 from /home/u257295/Thesis/UCF101/WalkingWithDog/v_WalkingWithDog_g23_c04.avi. Resampling within actual video length (0-174).
WARNING:sampling:Failed to read frame 112 from /home/u257295/Thesis/UCF101/VolleyballSpiking/v_VolleyballSpiking_g22_c01.avi. Resampling within actual video length (0-96).
WARNING:sampling:Failed to read frame 347 from /home/u257295/Thesis/UCF101/GolfSwing/v_GolfSwing_g22_c03.avi. Resampling within actual video length (0-297).
WARNING:sampling:Failed to read frame 182 from /home/u257295/Thesis/UCF101/Diving/v_Diving_g22_c06.avi. Resampling within actual video length (0-156).
WARNING:sampling:Failed to read frame 302 from /home/u257295/Thesis/UCF101/GolfSwing/v_GolfSwing_g22_c01.avi. Resampling within actual video length (0-258).
WARNING:sampling:Failed to read frame 148 from /home/u257295/Thesis/UCF101/GolfSwing/v_GolfSwing_g24_c07.avi. Resampling within actual video length (0-126).
WARNING:sampling:Failed to read frame 527 from /home/u257295/Thesis/UCF101/Basketball/v_Basketball_g16_c01.avi. Resampling within actual video length (0-451).
WARNING:sampling:Failed to read frame 67 from /home/u257295/Thesis/UCF101/BaseballPitch/v_BaseballPitch_g09_c06.avi. Resampling within actual video length (0-57).
WARNING:sampling:Failed to read frame 119 from /home/u257295/Thesis/UCF101/JumpingJack/v_JumpingJack_g20_c01.avi. Resampling within actual video length (0-102).
WARNING:sampling:Failed to read frame 371 from /home/u257295/Thesis/UCF101/Kayaking/v_Kayaking_g12_c03.avi. Resampling within actual video length (0-318).
WARNING:sampling:Failed to read frame 130 from /home/u257295/Thesis/UCF101/Basketball/v_Basketball_g16_c03.avi. Resampling within actual video length (0-111).
WARNING:sampling:Failed to read frame 359 from /home/u257295/Thesis/UCF101/SoccerJuggling/v_SoccerJuggling_g24_c05.avi. Resampling within actual video length (0-307).
WARNING:sampling:Failed to read frame 158 from /home/u257295/Thesis/UCF101/GolfSwing/v_GolfSwing_g25_c07.avi. Resampling within actual video length (0-135).
WARNING:sampling:Failed to read frame 517 from /home/u257295/Thesis/UCF101/Basketball/v_Basketball_g16_c02.avi. Resampling within actual video length (0-443).
WARNING:sampling:Failed to read frame 470 from /home/u257295/Thesis/UCF101/Basketball/v_Basketball_g16_c05.avi. Resampling within actual video length (0-402).
WARNING:sampling:Failed to read frame 95 from /home/u257295/Thesis/UCF101/TennisSwing/v_TennisSwing_g24_c04.avi. Resampling within actual video length (0-81).
WARNING:sampling:Failed to read frame 95 from /home/u257295/Thesis/UCF101/Basketball/v_Basketball_g16_c04.avi. Resampling within actual video length (0-81).
WARNING:sampling:Failed to read frame 321 from /home/u257295/Thesis/UCF101/TennisSwing/v_TennisSwing_g16_c04.avi. Resampling within actual video length (0-275).
WARNING:sampling:Failed to read frame 239 from /home/u257295/Thesis/UCF101/SoccerJuggling/v_SoccerJuggling_g14_c03.avi. Resampling within actual video length (0-204).
WARNING:sampling:Failed to read frame 345 from /home/u257295/Thesis/UCF101/Basketball/v_Basketball_g16_c06.avi. Resampling within actual video length (0-295).
WARNING:sampling:Failed to read frame 182 from /home/u257295/Thesis/UCF101/Diving/v_Diving_g22_c06.avi. Resampling within actual video length (0-156).
WARNING:sampling:Failed to read frame 239 from /home/u257295/Thesis/UCF101/WalkingWithDog/v_WalkingWithDog_g23_c02.avi. Resampling within actual video length (0-204).
WARNING:sampling:Failed to read frame 371 from /home/u257295/Thesis/UCF101/Kayaking/v_Kayaking_g12_c03.avi. Resampling within actual video length (0-318).
WARNING:sampling:Failed to read frame 239 from /home/u257295/Thesis/UCF101/WalkingWithDog/v_WalkingWithDog_g09_c06.avi. Resampling within actual video length (0-204).
WARNING:sampling:Failed to read frame 348 from /home/u257295/Thesis/UCF101/TrampolineJumping/v_TrampolineJumping_g14_c01.avi. Resampling within actual video length (0-298).
WARNING:sampling:Failed to read frame 95 from /home/u257295/Thesis/UCF101/TennisSwing/v_TennisSwing_g24_c04.avi. Resampling within actual video length (0-81).
WARNING:sampling:Failed to read frame 119 from /home/u257295/Thesis/UCF101/JumpingJack/v_JumpingJack_g20_c01.avi. Resampling within actual video length (0-102).
WARNING:sampling:Failed to read frame 67 from /home/u257295/Thesis/UCF101/BaseballPitch/v_BaseballPitch_g09_c06.avi. Resampling within actual video length (0-57).
WARNING:sampling:Failed to read frame 145 from /home/u257295/Thesis/UCF101/Basketball/v_Basketball_g18_c05.avi. Resampling within actual video length (0-124).
WARNING:sampling:Failed to read frame 527 from /home/u257295/Thesis/UCF101/Basketball/v_Basketball_g16_c01.avi. Resampling within actual video length (0-451).
WARNING:sampling:Failed to read frame 269 from /home/u257295/Thesis/UCF101/TennisSwing/v_TennisSwing_g23_c01.avi. Resampling within actual video length (0-230).
WARNING:sampling:Failed to read frame 95 from /home/u257295/Thesis/UCF101/Basketball/v_Basketball_g16_c04.avi. Resampling within actual video length (0-81).
WARNING:sampling:Failed to read frame 317 from /home/u257295/Thesis/UCF101/Swing/v_Swing_g25_c04.avi. Resampling within actual video length (0-271).
WARNING:sampling:Failed to read frame 119 from /home/u257295/Thesis/UCF101/VolleyballSpiking/v_VolleyballSpiking_g23_c02.avi. Resampling within actual video length (0-102).
WARNING:sampling:Failed to read frame 517 from /home/u257295/Thesis/UCF101/Basketball/v_Basketball_g16_c02.avi. Resampling within actual video length (0-443).
WARNING:sampling:Failed to read frame 229 from /home/u257295/Thesis/UCF101/WalkingWithDog/v_WalkingWithDog_g12_c03.avi. Resampling within actual video length (0-196).
WARNING:sampling:Failed to read frame 207 from /home/u257295/Thesis/UCF101/VolleyballSpiking/v_VolleyballSpiking_g23_c03.avi. Resampling within actual video length (0-177).
WARNING:sampling:Failed to read frame 119 from /home/u257295/Thesis/UCF101/WalkingWithDog/v_WalkingWithDog_g13_c05.avi. Resampling within actual video length (0-102).
WARNING:sampling:Failed to read frame 203 from /home/u257295/Thesis/UCF101/WalkingWithDog/v_WalkingWithDog_g23_c04.avi. Resampling within actual video length (0-174).
WARNING:sampling:Failed to read frame 470 from /home/u257295/Thesis/UCF101/Basketball/v_Basketball_g16_c05.avi. Resampling within actual video length (0-402).
WARNING:sampling:Failed to read frame 72 from /home/u257295/Thesis/UCF101/BaseballPitch/v_BaseballPitch_g09_c03.avi. Resampling within actual video length (0-61).
WARNING:sampling:Failed to read frame 99 from /home/u257295/Thesis/UCF101/GolfSwing/v_GolfSwing_g11_c06.avi. Resampling within actual video length (0-84).
WARNING:sampling:Failed to read frame 359 from /home/u257295/Thesis/UCF101/SoccerJuggling/v_SoccerJuggling_g24_c05.avi. Resampling within actual video length (0-307).
WARNING:sampling:Failed to read frame 239 from /home/u257295/Thesis/UCF101/SoccerJuggling/v_SoccerJuggling_g20_c05.avi. Resampling within actual video length (0-204).
WARNING:sampling:Failed to read frame 347 from /home/u257295/Thesis/UCF101/GolfSwing/v_GolfSwing_g22_c03.avi. Resampling within actual video length (0-297).
WARNING:sampling:Failed to read frame 384 from /home/u257295/Thesis/UCF101/Diving/v_Diving_g23_c06.avi. Resampling within actual video length (0-329).
WARNING:sampling:Failed to read frame 62 from /home/u257295/Thesis/UCF101/BaseballPitch/v_BaseballPitch_g09_c05.avi. Resampling within actual video length (0-53).
WARNING:sampling:Failed to read frame 297 from /home/u257295/Thesis/UCF101/TennisSwing/v_TennisSwing_g16_c02.avi. Resampling within actual video length (0-254).
WARNING:sampling:Failed to read frame 415 from /home/u257295/Thesis/UCF101/SoccerJuggling/v_SoccerJuggling_g21_c04.avi. Resampling within actual video length (0-355).
WARNING:sampling:Failed to read frame 112 from /home/u257295/Thesis/UCF101/VolleyballSpiking/v_VolleyballSpiking_g22_c01.avi. Resampling within actual video length (0-96).
WARNING:sampling:Failed to read frame 302 from /home/u257295/Thesis/UCF101/GolfSwing/v_GolfSwing_g22_c01.avi. Resampling within actual video length (0-258).
WARNING:sampling:Failed to read frame 158 from /home/u257295/Thesis/UCF101/GolfSwing/v_GolfSwing_g25_c07.avi. Resampling within actual video length (0-135).
WARNING:sampling:Failed to read frame 130 from /home/u257295/Thesis/UCF101/Basketball/v_Basketball_g16_c03.avi. Resampling within actual video length (0-111).
WARNING:sampling:Failed to read frame 321 from /home/u257295/Thesis/UCF101/TennisSwing/v_TennisSwing_g16_c04.avi. Resampling within actual video length (0-275).
WARNING:sampling:Failed to read frame 299 from /home/u257295/Thesis/UCF101/GolfSwing/v_GolfSwing_g22_c02.avi. Resampling within actual video length (0-256).
WARNING:sampling:Failed to read frame 299 from /home/u257295/Thesis/UCF101/Basketball/v_Basketball_g13_c04.avi. Resampling within actual video length (0-256).
WARNING:sampling:Failed to read frame 148 from /home/u257295/Thesis/UCF101/GolfSwing/v_GolfSwing_g24_c07.avi. Resampling within actual video length (0-126).
WARNING:sampling:Failed to read frame 299 from /home/u257295/Thesis/UCF101/SoccerJuggling/v_SoccerJuggling_g24_c07.avi. Resampling within actual video length (0-256).
WARNING:sampling:Failed to read frame 239 from /home/u257295/Thesis/UCF101/WalkingWithDog/v_WalkingWithDog_g23_c02.avi. Resampling within actual video length (0-204).
WARNING:sampling:Failed to read frame 302 from /home/u257295/Thesis/UCF101/GolfSwing/v_GolfSwing_g22_c01.avi. Resampling within actual video length (0-258).
WARNING:sampling:Failed to read frame 182 from /home/u257295/Thesis/UCF101/Diving/v_Diving_g22_c06.avi. Resampling within actual video length (0-156).
WARNING:sampling:Failed to read frame 207 from /home/u257295/Thesis/UCF101/VolleyballSpiking/v_VolleyballSpiking_g23_c03.avi. Resampling within actual video length (0-177).
WARNING:sampling:Failed to read frame 158 from /home/u257295/Thesis/UCF101/GolfSwing/v_GolfSwing_g25_c07.avi. Resampling within actual video length (0-135).
WARNING:sampling:Failed to read frame 371 from /home/u257295/Thesis/UCF101/Kayaking/v_Kayaking_g12_c03.avi. Resampling within actual video length (0-318).
WARNING:sampling:Failed to read frame 239 from /home/u257295/Thesis/UCF101/SoccerJuggling/v_SoccerJuggling_g14_c03.avi. Resampling within actual video length (0-204).
WARNING:sampling:Failed to read frame 470 from /home/u257295/Thesis/UCF101/Basketball/v_Basketball_g16_c05.avi. Resampling within actual video length (0-402).
WARNING:sampling:Failed to read frame 62 from /home/u257295/Thesis/UCF101/BaseballPitch/v_BaseballPitch_g09_c05.avi. Resampling within actual video length (0-53).
WARNING:sampling:Failed to read frame 145 from /home/u257295/Thesis/UCF101/Basketball/v_Basketball_g18_c05.avi. Resampling within actual video length (0-124).
WARNING:sampling:Failed to read frame 359 from /home/u257295/Thesis/UCF101/SoccerJuggling/v_SoccerJuggling_g24_c05.avi. Resampling within actual video length (0-307).
WARNING:sampling:Failed to read frame 299 from /home/u257295/Thesis/UCF101/Basketball/v_Basketball_g13_c04.avi. Resampling within actual video length (0-256).
WARNING:sampling:Failed to read frame 384 from /home/u257295/Thesis/UCF101/Diving/v_Diving_g23_c06.avi. Resampling within actual video length (0-329).
WARNING:sampling:Failed to read frame 239 from /home/u257295/Thesis/UCF101/SoccerJuggling/v_SoccerJuggling_g20_c05.avi. Resampling within actual video length (0-204).
WARNING:sampling:Failed to read frame 119 from /home/u257295/Thesis/UCF101/VolleyballSpiking/v_VolleyballSpiking_g23_c02.avi. Resampling within actual video length (0-102).
WARNING:sampling:Failed to read frame 203 from /home/u257295/Thesis/UCF101/WalkingWithDog/v_WalkingWithDog_g23_c04.avi. Resampling within actual video length (0-174).
WARNING:sampling:Failed to read frame 95 from /home/u257295/Thesis/UCF101/Basketball/v_Basketball_g16_c04.avi. Resampling within actual video length (0-81).
WARNING:sampling:Failed to read frame 99 from /home/u257295/Thesis/UCF101/GolfSwing/v_GolfSwing_g11_c06.avi. Resampling within actual video length (0-84).
WARNING:sampling:Failed to read frame 345 from /home/u257295/Thesis/UCF101/Basketball/v_Basketball_g16_c06.avi. Resampling within actual video length (0-295).
WARNING:sampling:Failed to read frame 67 from /home/u257295/Thesis/UCF101/BaseballPitch/v_BaseballPitch_g09_c06.avi. Resampling within actual video length (0-57).
WARNING:sampling:Failed to read frame 348 from /home/u257295/Thesis/UCF101/TrampolineJumping/v_TrampolineJumping_g14_c01.avi. Resampling within actual video length (0-298).
WARNING:sampling:Failed to read frame 517 from /home/u257295/Thesis/UCF101/Basketball/v_Basketball_g16_c02.avi. Resampling within actual video length (0-443).
WARNING:sampling:Failed to read frame 415 from /home/u257295/Thesis/UCF101/SoccerJuggling/v_SoccerJuggling_g21_c04.avi. Resampling within actual video length (0-355).
WARNING:sampling:Failed to read frame 112 from /home/u257295/Thesis/UCF101/VolleyballSpiking/v_VolleyballSpiking_g22_c01.avi. Resampling within actual video length (0-96).
WARNING:sampling:Failed to read frame 239 from /home/u257295/Thesis/UCF101/WalkingWithDog/v_WalkingWithDog_g09_c06.avi. Resampling within actual video length (0-204).
WARNING:sampling:Failed to read frame 229 from /home/u257295/Thesis/UCF101/WalkingWithDog/v_WalkingWithDog_g12_c03.avi. Resampling within actual video length (0-196).
WARNING:sampling:Failed to read frame 148 from /home/u257295/Thesis/UCF101/GolfSwing/v_GolfSwing_g24_c07.avi. Resampling within actual video length (0-126).
WARNING:sampling:Failed to read frame 269 from /home/u257295/Thesis/UCF101/TennisSwing/v_TennisSwing_g23_c01.avi. Resampling within actual video length (0-230).
WARNING:sampling:Failed to read frame 299 from /home/u257295/Thesis/UCF101/SoccerJuggling/v_SoccerJuggling_g24_c07.avi. Resampling within actual video length (0-256).
WARNING:sampling:Failed to read frame 119 from /home/u257295/Thesis/UCF101/WalkingWithDog/v_WalkingWithDog_g13_c05.avi. Resampling within actual video length (0-102).
WARNING:sampling:Failed to read frame 95 from /home/u257295/Thesis/UCF101/TennisSwing/v_TennisSwing_g24_c04.avi. Resampling within actual video length (0-81).
WARNING:sampling:Failed to read frame 72 from /home/u257295/Thesis/UCF101/BaseballPitch/v_BaseballPitch_g09_c03.avi. Resampling within actual video length (0-61).
WARNING:sampling:Failed to read frame 299 from /home/u257295/Thesis/UCF101/GolfSwing/v_GolfSwing_g22_c02.avi. Resampling within actual video length (0-256).
WARNING:sampling:Failed to read frame 321 from /home/u257295/Thesis/UCF101/TennisSwing/v_TennisSwing_g16_c04.avi. Resampling within actual video length (0-275).
WARNING:sampling:Failed to read frame 347 from /home/u257295/Thesis/UCF101/GolfSwing/v_GolfSwing_g22_c03.avi. Resampling within actual video length (0-297).
WARNING:sampling:Failed to read frame 119 from /home/u257295/Thesis/UCF101/JumpingJack/v_JumpingJack_g20_c01.avi. Resampling within actual video length (0-102).
WARNING:sampling:Failed to read frame 130 from /home/u257295/Thesis/UCF101/Basketball/v_Basketball_g16_c03.avi. Resampling within actual video length (0-111).
WARNING:sampling:Failed to read frame 527 from /home/u257295/Thesis/UCF101/Basketball/v_Basketball_g16_c01.avi. Resampling within actual video length (0-451).
WARNING:sampling:Failed to read frame 317 from /home/u257295/Thesis/UCF101/Swing/v_Swing_g25_c04.avi. Resampling within actual video length (0-271).
WARNING:sampling:Failed to read frame 297 from /home/u257295/Thesis/UCF101/TennisSwing/v_TennisSwing_g16_c02.avi. Resampling within actual video length (0-254).
WARNING:sampling:Failed to read frame 348 from /home/u257295/Thesis/UCF101/TrampolineJumping/v_TrampolineJumping_g14_c01.avi. Resampling within actual video length (0-298).
WARNING:sampling:Failed to read frame 269 from /home/u257295/Thesis/UCF101/TennisSwing/v_TennisSwing_g23_c01.avi. Resampling within actual video length (0-230).
WARNING:sampling:Failed to read frame 302 from /home/u257295/Thesis/UCF101/GolfSwing/v_GolfSwing_g22_c01.avi. Resampling within actual video length (0-258).
WARNING:sampling:Failed to read frame 347 from /home/u257295/Thesis/UCF101/GolfSwing/v_GolfSwing_g22_c03.avi. Resampling within actual video length (0-297).
WARNING:sampling:Failed to read frame 62 from /home/u257295/Thesis/UCF101/BaseballPitch/v_BaseballPitch_g09_c05.avi. Resampling within actual video length (0-53).
WARNING:sampling:Failed to read frame 145 from /home/u257295/Thesis/UCF101/Basketball/v_Basketball_g18_c05.avi. Resampling within actual video length (0-124).
WARNING:sampling:Failed to read frame 317 from /home/u257295/Thesis/UCF101/Swing/v_Swing_g25_c04.avi. Resampling within actual video length (0-271).
WARNING:sampling:Failed to read frame 384 from /home/u257295/Thesis/UCF101/Diving/v_Diving_g23_c06.avi. Resampling within actual video length (0-329).
WARNING:sampling:Failed to read frame 415 from /home/u257295/Thesis/UCF101/SoccerJuggling/v_SoccerJuggling_g21_c04.avi. Resampling within actual video length (0-355).
WARNING:sampling:Failed to read frame 182 from /home/u257295/Thesis/UCF101/Diving/v_Diving_g22_c06.avi. Resampling within actual video length (0-156).
WARNING:sampling:Failed to read frame 239 from /home/u257295/Thesis/UCF101/SoccerJuggling/v_SoccerJuggling_g20_c05.avi. Resampling within actual video length (0-204).
WARNING:sampling:Failed to read frame 239 from /home/u257295/Thesis/UCF101/SoccerJuggling/v_SoccerJuggling_g14_c03.avi. Resampling within actual video length (0-204).
WARNING:sampling:Failed to read frame 99 from /home/u257295/Thesis/UCF101/GolfSwing/v_GolfSwing_g11_c06.avi. Resampling within actual video length (0-84).
WARNING:sampling:Failed to read frame 239 from /home/u257295/Thesis/UCF101/WalkingWithDog/v_WalkingWithDog_g23_c02.avi. Resampling within actual video length (0-204).
WARNING:sampling:Failed to read frame 239 from /home/u257295/Thesis/UCF101/WalkingWithDog/v_WalkingWithDog_g09_c06.avi. Resampling within actual video length (0-204).
WARNING:sampling:Failed to read frame 207 from /home/u257295/Thesis/UCF101/VolleyballSpiking/v_VolleyballSpiking_g23_c03.avi. Resampling within actual video length (0-177).
WARNING:sampling:Failed to read frame 297 from /home/u257295/Thesis/UCF101/TennisSwing/v_TennisSwing_g16_c02.avi. Resampling within actual video length (0-254).
WARNING:sampling:Failed to read frame 299 from /home/u257295/Thesis/UCF101/Basketball/v_Basketball_g13_c04.avi. Resampling within actual video length (0-256).
WARNING:sampling:Failed to read frame 299 from /home/u257295/Thesis/UCF101/GolfSwing/v_GolfSwing_g22_c02.avi. Resampling within actual video length (0-256).
WARNING:sampling:Failed to read frame 299 from /home/u257295/Thesis/UCF101/SoccerJuggling/v_SoccerJuggling_g24_c07.avi. Resampling within actual video length (0-256).
WARNING:sampling:Failed to read frame 95 from /home/u257295/Thesis/UCF101/TennisSwing/v_TennisSwing_g24_c04.avi. Resampling within actual video length (0-81).
WARNING:sampling:Failed to read frame 67 from /home/u257295/Thesis/UCF101/BaseballPitch/v_BaseballPitch_g09_c06.avi. Resampling within actual video length (0-57).
WARNING:sampling:Failed to read frame 119 from /home/u257295/Thesis/UCF101/WalkingWithDog/v_WalkingWithDog_g13_c05.avi. Resampling within actual video length (0-102).
WARNING:sampling:Failed to read frame 203 from /home/u257295/Thesis/UCF101/WalkingWithDog/v_WalkingWithDog_g23_c04.avi. Resampling within actual video length (0-174).
WARNING:sampling:Failed to read frame 470 from /home/u257295/Thesis/UCF101/Basketball/v_Basketball_g16_c05.avi. Resampling within actual video length (0-402).
WARNING:sampling:Failed to read frame 72 from /home/u257295/Thesis/UCF101/BaseballPitch/v_BaseballPitch_g09_c03.avi. Resampling within actual video length (0-61).
WARNING:sampling:Failed to read frame 371 from /home/u257295/Thesis/UCF101/Kayaking/v_Kayaking_g12_c03.avi. Resampling within actual video length (0-318).
WARNING:sampling:Failed to read frame 158 from /home/u257295/Thesis/UCF101/GolfSwing/v_GolfSwing_g25_c07.avi. Resampling within actual video length (0-135).
WARNING:sampling:Failed to read frame 345 from /home/u257295/Thesis/UCF101/Basketball/v_Basketball_g16_c06.avi. Resampling within actual video length (0-295).
WARNING:sampling:Failed to read frame 95 from /home/u257295/Thesis/UCF101/Basketball/v_Basketball_g16_c04.avi. Resampling within actual video length (0-81).
WARNING:sampling:Failed to read frame 359 from /home/u257295/Thesis/UCF101/SoccerJuggling/v_SoccerJuggling_g24_c05.avi. Resampling within actual video length (0-307).
WARNING:sampling:Failed to read frame 321 from /home/u257295/Thesis/UCF101/TennisSwing/v_TennisSwing_g16_c04.avi. Resampling within actual video length (0-275).
WARNING:sampling:Failed to read frame 229 from /home/u257295/Thesis/UCF101/WalkingWithDog/v_WalkingWithDog_g12_c03.avi. Resampling within actual video length (0-196).
WARNING:sampling:Failed to read frame 112 from /home/u257295/Thesis/UCF101/VolleyballSpiking/v_VolleyballSpiking_g22_c01.avi. Resampling within actual video length (0-96).
WARNING:sampling:Failed to read frame 130 from /home/u257295/Thesis/UCF101/Basketball/v_Basketball_g16_c03.avi. Resampling within actual video length (0-111).
WARNING:sampling:Failed to read frame 148 from /home/u257295/Thesis/UCF101/GolfSwing/v_GolfSwing_g24_c07.avi. Resampling within actual video length (0-126).
WARNING:sampling:Failed to read frame 527 from /home/u257295/Thesis/UCF101/Basketball/v_Basketball_g16_c01.avi. Resampling within actual video length (0-451).
WARNING:sampling:Failed to read frame 119 from /home/u257295/Thesis/UCF101/JumpingJack/v_JumpingJack_g20_c01.avi. Resampling within actual video length (0-102).
WARNING:sampling:Failed to read frame 517 from /home/u257295/Thesis/UCF101/Basketball/v_Basketball_g16_c02.avi. Resampling within actual video length (0-443).
WARNING:sampling:Failed to read frame 119 from /home/u257295/Thesis/UCF101/VolleyballSpiking/v_VolleyballSpiking_g23_c02.avi. Resampling within actual video length (0-102).
WARNING:sampling:Failed to read frame 112 from /home/u257295/Thesis/UCF101/VolleyballSpiking/v_VolleyballSpiking_g22_c01.avi. Resampling within actual video length (0-96).
WARNING:sampling:Failed to read frame 302 from /home/u257295/Thesis/UCF101/GolfSwing/v_GolfSwing_g22_c01.avi. Resampling within actual video length (0-258).
WARNING:sampling:Failed to read frame 72 from /home/u257295/Thesis/UCF101/BaseballPitch/v_BaseballPitch_g09_c03.avi. Resampling within actual video length (0-61).
WARNING:sampling:Failed to read frame 359 from /home/u257295/Thesis/UCF101/SoccerJuggling/v_SoccerJuggling_g24_c05.avi. Resampling within actual video length (0-307).
WARNING:sampling:Failed to read frame 119 from /home/u257295/Thesis/UCF101/WalkingWithDog/v_WalkingWithDog_g13_c05.avi. Resampling within actual video length (0-102).
WARNING:sampling:Failed to read frame 299 from /home/u257295/Thesis/UCF101/SoccerJuggling/v_SoccerJuggling_g24_c07.avi. Resampling within actual video length (0-256).
WARNING:sampling:Failed to read frame 62 from /home/u257295/Thesis/UCF101/BaseballPitch/v_BaseballPitch_g09_c05.avi. Resampling within actual video length (0-53).
WARNING:sampling:Failed to read frame 345 from /home/u257295/Thesis/UCF101/Basketball/v_Basketball_g16_c06.avi. Resampling within actual video length (0-295).
WARNING:sampling:Failed to read frame 95 from /home/u257295/Thesis/UCF101/TennisSwing/v_TennisSwing_g24_c04.avi. Resampling within actual video length (0-81).
WARNING:sampling:Failed to read frame 239 from /home/u257295/Thesis/UCF101/WalkingWithDog/v_WalkingWithDog_g09_c06.avi. Resampling within actual video length (0-204).
WARNING:sampling:Failed to read frame 527 from /home/u257295/Thesis/UCF101/Basketball/v_Basketball_g16_c01.avi. Resampling within actual video length (0-451).
WARNING:sampling:Failed to read frame 321 from /home/u257295/Thesis/UCF101/TennisSwing/v_TennisSwing_g16_c04.avi. Resampling within actual video length (0-275).
WARNING:sampling:Failed to read frame 269 from /home/u257295/Thesis/UCF101/TennisSwing/v_TennisSwing_g23_c01.avi. Resampling within actual video length (0-230).
WARNING:sampling:Failed to read frame 95 from /home/u257295/Thesis/UCF101/Basketball/v_Basketball_g16_c04.avi. Resampling within actual video length (0-81).
WARNING:sampling:Failed to read frame 299 from /home/u257295/Thesis/UCF101/GolfSwing/v_GolfSwing_g22_c02.avi. Resampling within actual video length (0-256).
WARNING:sampling:Failed to read frame 119 from /home/u257295/Thesis/UCF101/JumpingJack/v_JumpingJack_g20_c01.avi. Resampling within actual video length (0-102).
WARNING:sampling:Failed to read frame 207 from /home/u257295/Thesis/UCF101/VolleyballSpiking/v_VolleyballSpiking_g23_c03.avi. Resampling within actual video length (0-177).
WARNING:sampling:Failed to read frame 371 from /home/u257295/Thesis/UCF101/Kayaking/v_Kayaking_g12_c03.avi. Resampling within actual video length (0-318).
WARNING:sampling:Failed to read frame 348 from /home/u257295/Thesis/UCF101/TrampolineJumping/v_TrampolineJumping_g14_c01.avi. Resampling within actual video length (0-298).
WARNING:sampling:Failed to read frame 297 from /home/u257295/Thesis/UCF101/TennisSwing/v_TennisSwing_g16_c02.avi. Resampling within actual video length (0-254).
WARNING:sampling:Failed to read frame 229 from /home/u257295/Thesis/UCF101/WalkingWithDog/v_WalkingWithDog_g12_c03.avi. Resampling within actual video length (0-196).
WARNING:sampling:Failed to read frame 130 from /home/u257295/Thesis/UCF101/Basketball/v_Basketball_g16_c03.avi. Resampling within actual video length (0-111).
WARNING:sampling:Failed to read frame 203 from /home/u257295/Thesis/UCF101/WalkingWithDog/v_WalkingWithDog_g23_c04.avi. Resampling within actual video length (0-174).
WARNING:sampling:Failed to read frame 239 from /home/u257295/Thesis/UCF101/SoccerJuggling/v_SoccerJuggling_g14_c03.avi. Resampling within actual video length (0-204).
WARNING:sampling:Failed to read frame 347 from /home/u257295/Thesis/UCF101/GolfSwing/v_GolfSwing_g22_c03.avi. Resampling within actual video length (0-297).
WARNING:sampling:Failed to read frame 145 from /home/u257295/Thesis/UCF101/Basketball/v_Basketball_g18_c05.avi. Resampling within actual video length (0-124).
WARNING:sampling:Failed to read frame 299 from /home/u257295/Thesis/UCF101/Basketball/v_Basketball_g13_c04.avi. Resampling within actual video length (0-256).
WARNING:sampling:Failed to read frame 517 from /home/u257295/Thesis/UCF101/Basketball/v_Basketball_g16_c02.avi. Resampling within actual video length (0-443).
WARNING:sampling:Failed to read frame 67 from /home/u257295/Thesis/UCF101/BaseballPitch/v_BaseballPitch_g09_c06.avi. Resampling within actual video length (0-57).
WARNING:sampling:Failed to read frame 148 from /home/u257295/Thesis/UCF101/GolfSwing/v_GolfSwing_g24_c07.avi. Resampling within actual video length (0-126).
WARNING:sampling:Failed to read frame 99 from /home/u257295/Thesis/UCF101/GolfSwing/v_GolfSwing_g11_c06.avi. Resampling within actual video length (0-84).
WARNING:sampling:Failed to read frame 239 from /home/u257295/Thesis/UCF101/WalkingWithDog/v_WalkingWithDog_g23_c02.avi. Resampling within actual video length (0-204).
WARNING:sampling:Failed to read frame 182 from /home/u257295/Thesis/UCF101/Diving/v_Diving_g22_c06.avi. Resampling within actual video length (0-156).
WARNING:sampling:Failed to read frame 317 from /home/u257295/Thesis/UCF101/Swing/v_Swing_g25_c04.avi. Resampling within actual video length (0-271).
WARNING:sampling:Failed to read frame 384 from /home/u257295/Thesis/UCF101/Diving/v_Diving_g23_c06.avi. Resampling within actual video length (0-329).
WARNING:sampling:Failed to read frame 158 from /home/u257295/Thesis/UCF101/GolfSwing/v_GolfSwing_g25_c07.avi. Resampling within actual video length (0-135).
WARNING:sampling:Failed to read frame 415 from /home/u257295/Thesis/UCF101/SoccerJuggling/v_SoccerJuggling_g21_c04.avi. Resampling within actual video length (0-355).
WARNING:sampling:Failed to read frame 239 from /home/u257295/Thesis/UCF101/SoccerJuggling/v_SoccerJuggling_g20_c05.avi. Resampling within actual video length (0-204).
WARNING:sampling:Failed to read frame 470 from /home/u257295/Thesis/UCF101/Basketball/v_Basketball_g16_c05.avi. Resampling within actual video length (0-402).
WARNING:sampling:Failed to read frame 119 from /home/u257295/Thesis/UCF101/VolleyballSpiking/v_VolleyballSpiking_g23_c02.avi. Resampling within actual video length (0-102).
WARNING:sampling:Failed to read frame 72 from /home/u257295/Thesis/UCF101/BaseballPitch/v_BaseballPitch_g09_c03.avi. Resampling within actual video length (0-61).
WARNING:sampling:Failed to read frame 299 from /home/u257295/Thesis/UCF101/SoccerJuggling/v_SoccerJuggling_g24_c07.avi. Resampling within actual video length (0-256).
WARNING:sampling:Failed to read frame 347 from /home/u257295/Thesis/UCF101/GolfSwing/v_GolfSwing_g22_c03.avi. Resampling within actual video length (0-297).
WARNING:sampling:Failed to read frame 145 from /home/u257295/Thesis/UCF101/Basketball/v_Basketball_g18_c05.avi. Resampling within actual video length (0-124).
WARNING:sampling:Failed to read frame 148 from /home/u257295/Thesis/UCF101/GolfSwing/v_GolfSwing_g24_c07.avi. Resampling within actual video length (0-126).
WARNING:sampling:Failed to read frame 302 from /home/u257295/Thesis/UCF101/GolfSwing/v_GolfSwing_g22_c01.avi. Resampling within actual video length (0-258).
WARNING:sampling:Failed to read frame 359 from /home/u257295/Thesis/UCF101/SoccerJuggling/v_SoccerJuggling_g24_c05.avi. Resampling within actual video length (0-307).
WARNING:sampling:Failed to read frame 239 from /home/u257295/Thesis/UCF101/WalkingWithDog/v_WalkingWithDog_g23_c02.avi. Resampling within actual video length (0-204).
WARNING:sampling:Failed to read frame 99 from /home/u257295/Thesis/UCF101/GolfSwing/v_GolfSwing_g11_c06.avi. Resampling within actual video length (0-84).
WARNING:sampling:Failed to read frame 158 from /home/u257295/Thesis/UCF101/GolfSwing/v_GolfSwing_g25_c07.avi. Resampling within actual video length (0-135).
WARNING:sampling:Failed to read frame 299 from /home/u257295/Thesis/UCF101/GolfSwing/v_GolfSwing_g22_c02.avi. Resampling within actual video length (0-256).
WARNING:sampling:Failed to read frame 299 from /home/u257295/Thesis/UCF101/Basketball/v_Basketball_g13_c04.avi. Resampling within actual video length (0-256).
WARNING:sampling:Failed to read frame 470 from /home/u257295/Thesis/UCF101/Basketball/v_Basketball_g16_c05.avi. Resampling within actual video length (0-402).
WARNING:sampling:Failed to read frame 527 from /home/u257295/Thesis/UCF101/Basketball/v_Basketball_g16_c01.avi. Resampling within actual video length (0-451).
WARNING:sampling:Failed to read frame 95 from /home/u257295/Thesis/UCF101/TennisSwing/v_TennisSwing_g24_c04.avi. Resampling within actual video length (0-81).
WARNING:sampling:Failed to read frame 182 from /home/u257295/Thesis/UCF101/Diving/v_Diving_g22_c06.avi. Resampling within actual video length (0-156).
WARNING:sampling:Failed to read frame 119 from /home/u257295/Thesis/UCF101/VolleyballSpiking/v_VolleyballSpiking_g23_c02.avi. Resampling within actual video length (0-102).
WARNING:sampling:Failed to read frame 348 from /home/u257295/Thesis/UCF101/TrampolineJumping/v_TrampolineJumping_g14_c01.avi. Resampling within actual video length (0-298).
WARNING:sampling:Failed to read frame 95 from /home/u257295/Thesis/UCF101/Basketball/v_Basketball_g16_c04.avi. Resampling within actual video length (0-81).
WARNING:sampling:Failed to read frame 207 from /home/u257295/Thesis/UCF101/VolleyballSpiking/v_VolleyballSpiking_g23_c03.avi. Resampling within actual video length (0-177).
WARNING:sampling:Failed to read frame 67 from /home/u257295/Thesis/UCF101/BaseballPitch/v_BaseballPitch_g09_c06.avi. Resampling within actual video length (0-57).
WARNING:sampling:Failed to read frame 112 from /home/u257295/Thesis/UCF101/VolleyballSpiking/v_VolleyballSpiking_g22_c01.avi. Resampling within actual video length (0-96).
WARNING:sampling:Failed to read frame 130 from /home/u257295/Thesis/UCF101/Basketball/v_Basketball_g16_c03.avi. Resampling within actual video length (0-111).
WARNING:sampling:Failed to read frame 203 from /home/u257295/Thesis/UCF101/WalkingWithDog/v_WalkingWithDog_g23_c04.avi. Resampling within actual video length (0-174).
WARNING:sampling:Failed to read frame 239 from /home/u257295/Thesis/UCF101/SoccerJuggling/v_SoccerJuggling_g14_c03.avi. Resampling within actual video length (0-204).
WARNING:sampling:Failed to read frame 119 from /home/u257295/Thesis/UCF101/WalkingWithDog/v_WalkingWithDog_g13_c05.avi. Resampling within actual video length (0-102).
WARNING:sampling:Failed to read frame 119 from /home/u257295/Thesis/UCF101/JumpingJack/v_JumpingJack_g20_c01.avi. Resampling within actual video length (0-102).
WARNING:sampling:Failed to read frame 269 from /home/u257295/Thesis/UCF101/TennisSwing/v_TennisSwing_g23_c01.avi. Resampling within actual video length (0-230).
WARNING:sampling:Failed to read frame 229 from /home/u257295/Thesis/UCF101/WalkingWithDog/v_WalkingWithDog_g12_c03.avi. Resampling within actual video length (0-196).
WARNING:sampling:Failed to read frame 239 from /home/u257295/Thesis/UCF101/WalkingWithDog/v_WalkingWithDog_g09_c06.avi. Resampling within actual video length (0-204).
WARNING:sampling:Failed to read frame 317 from /home/u257295/Thesis/UCF101/Swing/v_Swing_g25_c04.avi. Resampling within actual video length (0-271).
WARNING:sampling:Failed to read frame 297 from /home/u257295/Thesis/UCF101/TennisSwing/v_TennisSwing_g16_c02.avi. Resampling within actual video length (0-254).
WARNING:sampling:Failed to read frame 239 from /home/u257295/Thesis/UCF101/SoccerJuggling/v_SoccerJuggling_g20_c05.avi. Resampling within actual video length (0-204).
WARNING:sampling:Failed to read frame 517 from /home/u257295/Thesis/UCF101/Basketball/v_Basketball_g16_c02.avi. Resampling within actual video length (0-443).
WARNING:sampling:Failed to read frame 62 from /home/u257295/Thesis/UCF101/BaseballPitch/v_BaseballPitch_g09_c05.avi. Resampling within actual video length (0-53).
WARNING:sampling:Failed to read frame 384 from /home/u257295/Thesis/UCF101/Diving/v_Diving_g23_c06.avi. Resampling within actual video length (0-329).
WARNING:sampling:Failed to read frame 415 from /home/u257295/Thesis/UCF101/SoccerJuggling/v_SoccerJuggling_g21_c04.avi. Resampling within actual video length (0-355).
WARNING:sampling:Failed to read frame 321 from /home/u257295/Thesis/UCF101/TennisSwing/v_TennisSwing_g16_c04.avi. Resampling within actual video length (0-275).
WARNING:sampling:Failed to read frame 345 from /home/u257295/Thesis/UCF101/Basketball/v_Basketball_g16_c06.avi. Resampling within actual video length (0-295).
WARNING:sampling:Failed to read frame 371 from /home/u257295/Thesis/UCF101/Kayaking/v_Kayaking_g12_c03.avi. Resampling within actual video length (0-318).
/home/u257295/Thesis/train_timesformer.py:451: FutureWarning: You are using `torch.load` with `weights_only=False` (the current default value), which uses the default pickle module implicitly. It is possible to construct malicious pickle data which will execute arbitrary code during unpickling (See https://github.com/pytorch/pytorch/blob/main/SECURITY.md#untrusted-models for more details). In a future release, the default value for `weights_only` will be flipped to `True`. This limits the functions that could be executed during unpickling. Arbitrary objects will no longer be allowed to be loaded via this mode unless they are explicitly allowlisted by the user via `torch.serialization.add_safe_globals`. We recommend you start setting `weights_only=True` for any use case where you don't have full control of the loaded file. Please open an issue on GitHub for any issues related to this experimental feature.
  best_ckpt = torch.load(checkpoint_path, map_location=device)
