Using device: cuda
SLURM job id: 45096
Train fraction: 0.5
Eval fractions: [0.5]
Checkpoint selection fraction: 0.5
Loading datasets...
Train samples: 9586, Val samples: 3734
Number of classes: 101
Loading pre-trained TimeSformer (Kinetics-400)...
Trying TimeSformer weights from revision: main (safetensors)

Starting training...

Epoch 1/100
Train Loss: 0.6658, Train Top-1: 84.45%, Train Top-5: 95.67%
Val Loss: 1.3133, Val Top-1: 70.54%, Val Top-5: 88.59%, Val Macro F1: 0.7083
Epoch Time: 18.19 min

Validation loss improved to 1.3133. Resetting early-stopping counter.
Saved best model to: /home/u257295/Thesis/outputs/timesformer_f0.5_job45096/best_timesformer_model.pth (Top-1: 70.54%)

Epoch 2/100
Train Loss: 0.1967, Train Top-1: 94.69%, Train Top-5: 99.51%
Val Loss: 1.0711, Val Top-1: 77.05%, Val Top-5: 91.54%, Val Macro F1: 0.7699
Epoch Time: 18.06 min

Validation loss improved to 1.0711. Resetting early-stopping counter.
Saved best model to: /home/u257295/Thesis/outputs/timesformer_f0.5_job45096/best_timesformer_model.pth (Top-1: 77.05%)

Epoch 3/100
Train Loss: 0.1456, Train Top-1: 95.89%, Train Top-5: 99.68%
Val Loss: 1.1218, Val Top-1: 76.51%, Val Top-5: 90.47%, Val Macro F1: 0.7696
Epoch Time: 18.15 min

Validation loss did not improve for 1/10 epochs.
Epoch 4/100
Train Loss: 0.1587, Train Top-1: 96.02%, Train Top-5: 99.24%
Val Loss: 1.2209, Val Top-1: 74.21%, Val Top-5: 90.14%, Val Macro F1: 0.7425
Epoch Time: 18.15 min

Validation loss did not improve for 2/10 epochs.
Epoch 5/100
Train Loss: 0.0907, Train Top-1: 97.67%, Train Top-5: 99.79%
Val Loss: 1.8262, Val Top-1: 61.94%, Val Top-5: 82.70%, Val Macro F1: 0.6169
Epoch Time: 18.06 min

Validation loss did not improve for 3/10 epochs.
Epoch 6/100
Train Loss: 0.1119, Train Top-1: 97.09%, Train Top-5: 99.61%
Val Loss: 1.3737, Val Top-1: 71.91%, Val Top-5: 88.86%, Val Macro F1: 0.7141
Epoch Time: 18.08 min

Validation loss did not improve for 4/10 epochs.
Epoch 7/100
Train Loss: 0.0741, Train Top-1: 98.18%, Train Top-5: 99.79%
Val Loss: 1.2680, Val Top-1: 74.88%, Val Top-5: 89.80%, Val Macro F1: 0.7411
Epoch Time: 18.04 min

Validation loss did not improve for 5/10 epochs.
Epoch 8/100
Train Loss: 0.0958, Train Top-1: 97.65%, Train Top-5: 99.63%
Val Loss: 1.6125, Val Top-1: 66.98%, Val Top-5: 84.49%, Val Macro F1: 0.6678
Epoch Time: 18.00 min

Validation loss did not improve for 6/10 epochs.
Epoch 9/100
Train Loss: 0.0967, Train Top-1: 97.81%, Train Top-5: 99.72%
Val Loss: 1.5658, Val Top-1: 70.06%, Val Top-5: 86.13%, Val Macro F1: 0.6933
Epoch Time: 18.07 min

Validation loss did not improve for 7/10 epochs.
Epoch 10/100
Train Loss: 0.0761, Train Top-1: 98.01%, Train Top-5: 99.81%
Val Loss: 1.7560, Val Top-1: 65.37%, Val Top-5: 84.20%, Val Macro F1: 0.6466
Epoch Time: 18.00 min

Validation loss did not improve for 8/10 epochs.
Epoch 11/100
Train Loss: 0.0802, Train Top-1: 97.90%, Train Top-5: 99.86%
Val Loss: 1.4937, Val Top-1: 70.06%, Val Top-5: 88.14%, Val Macro F1: 0.6965
Epoch Time: 18.01 min

Validation loss did not improve for 9/10 epochs.
Epoch 12/100
Train Loss: 0.0594, Train Top-1: 98.59%, Train Top-5: 99.79%
Val Loss: 1.7104, Val Top-1: 66.12%, Val Top-5: 83.99%, Val Macro F1: 0.6634
Epoch Time: 17.97 min

Validation loss did not improve for 10/10 epochs.
Early stopping triggered: validation loss has not improved for 10 consecutive epochs.
Training complete. Loading best checkpoint for final temporal evaluation...

Evaluating temporal fraction=0.5
Fraction 0.5: Top-1=77.05% | Top-5=91.54% | Macro P/R/F1=0.8023/0.7739/0.7699

Final metrics written to: /home/u257295/Thesis/outputs/timesformer_f0.5_job45096/metrics_summary_45096.json
Best model checkpoint: /home/u257295/Thesis/outputs/timesformer_f0.5_job45096/best_timesformer_model.pth
