Using device: cuda
SLURM job id: 45104
Train fraction: 0.1
Eval fractions: [0.1]
Checkpoint selection fraction: 0.1
Loading datasets...
Train samples: 9624, Val samples: 3696
Number of classes: 101
Loading pre-trained TimeSformer (Kinetics-400)...
Trying TimeSformer weights from revision: main (safetensors)

Starting training...

Epoch 1/100
Train Loss: 0.7568, Train Top-1: 82.07%, Train Top-5: 94.56%
Val Loss: 1.4398, Val Top-1: 65.91%, Val Top-5: 86.88%, Val Macro F1: 0.6586
Epoch Time: 18.15 min

Validation loss improved to 1.4398. Resetting early-stopping counter.
Saved best model to: /home/u257295/Thesis/outputs/timesformer_f0.1_job45104/best_timesformer_model.pth (Top-1: 65.91%)

Epoch 2/100
Train Loss: 0.2128, Train Top-1: 94.30%, Train Top-5: 99.57%
Val Loss: 1.5332, Val Top-1: 65.69%, Val Top-5: 84.63%, Val Macro F1: 0.6414
Epoch Time: 17.94 min

Validation loss did not improve for 1/10 epochs.
Epoch 3/100
Train Loss: 0.1617, Train Top-1: 95.78%, Train Top-5: 99.48%
Val Loss: 1.4417, Val Top-1: 68.78%, Val Top-5: 88.01%, Val Macro F1: 0.6916
Epoch Time: 17.96 min

Validation loss did not improve for 2/10 epochs.
Saved best model to: /home/u257295/Thesis/outputs/timesformer_f0.1_job45104/best_timesformer_model.pth (Top-1: 68.78%)

Epoch 4/100
Train Loss: 0.1302, Train Top-1: 96.70%, Train Top-5: 99.72%
Val Loss: 1.6073, Val Top-1: 64.96%, Val Top-5: 84.71%, Val Macro F1: 0.6489
Epoch Time: 17.99 min

Validation loss did not improve for 3/10 epochs.
Epoch 5/100
Train Loss: 0.1142, Train Top-1: 96.78%, Train Top-5: 99.80%
Val Loss: 1.7582, Val Top-1: 63.28%, Val Top-5: 83.47%, Val Macro F1: 0.6329
Epoch Time: 17.95 min

Validation loss did not improve for 4/10 epochs.
Epoch 6/100
Train Loss: 0.1013, Train Top-1: 97.31%, Train Top-5: 99.73%
Val Loss: 1.6832, Val Top-1: 64.94%, Val Top-5: 83.69%, Val Macro F1: 0.6481
Epoch Time: 17.92 min

Validation loss did not improve for 5/10 epochs.
Epoch 7/100
Train Loss: 0.0994, Train Top-1: 97.41%, Train Top-5: 99.74%
Val Loss: 1.6857, Val Top-1: 65.67%, Val Top-5: 85.17%, Val Macro F1: 0.6482
Epoch Time: 17.96 min

Validation loss did not improve for 6/10 epochs.
Epoch 8/100
Train Loss: 0.1012, Train Top-1: 97.23%, Train Top-5: 99.83%
Val Loss: 1.8552, Val Top-1: 62.09%, Val Top-5: 82.58%, Val Macro F1: 0.6120
Epoch Time: 17.94 min

Validation loss did not improve for 7/10 epochs.
Epoch 9/100
Train Loss: 0.0811, Train Top-1: 97.96%, Train Top-5: 99.77%
Val Loss: 2.3985, Val Top-1: 54.09%, Val Top-5: 76.43%, Val Macro F1: 0.5451
Epoch Time: 17.90 min

Validation loss did not improve for 8/10 epochs.
Epoch 10/100
Train Loss: 0.0925, Train Top-1: 97.40%, Train Top-5: 99.81%
Val Loss: 1.8043, Val Top-1: 64.56%, Val Top-5: 84.31%, Val Macro F1: 0.6385
Epoch Time: 17.89 min

Validation loss did not improve for 9/10 epochs.
Epoch 11/100
Train Loss: 0.0746, Train Top-1: 97.87%, Train Top-5: 99.82%
Val Loss: 2.0103, Val Top-1: 62.34%, Val Top-5: 82.12%, Val Macro F1: 0.6227
Epoch Time: 17.92 min

Validation loss did not improve for 10/10 epochs.
Early stopping triggered: validation loss has not improved for 10 consecutive epochs.
Training complete. Loading best checkpoint for final temporal evaluation...

Evaluating temporal fraction=0.1
Fraction 0.1: Top-1=68.78% | Top-5=88.01% | Macro P/R/F1=0.7501/0.6876/0.6916

Final metrics written to: /home/u257295/Thesis/outputs/timesformer_f0.1_job45104/metrics_summary_45104.json
Best model checkpoint: /home/u257295/Thesis/outputs/timesformer_f0.1_job45104/best_timesformer_model.pth
