Using device: cuda
SLURM job id: 44984
Train fraction: 0.1
Eval fractions: [0.1]
Checkpoint selection fraction: 0.1
Loading datasets...
Train samples: 9537, Val samples: 3783
Number of classes: 101
Loading pre-trained TimeSformer (Kinetics-400)...
Trying TimeSformer weights from revision: main (safetensors)

Starting training...

Epoch 1/100
Train Loss: 0.7834, Train Top-1: 81.51%, Train Top-5: 94.41%
Val Loss: 1.3874, Val Top-1: 67.04%, Val Top-5: 87.63%, Val Macro F1: 0.6709
Epoch Time: 17.97 min

Validation loss improved to 1.3874. Resetting early-stopping counter.
Saved best model to: /home/u257295/Thesis/outputs/timesformer_f0.1_job44984/best_timesformer_model.pth (Top-1: 67.04%)

Epoch 2/100
Train Loss: 0.2112, Train Top-1: 94.34%, Train Top-5: 99.51%
Val Loss: 1.4264, Val Top-1: 68.44%, Val Top-5: 86.41%, Val Macro F1: 0.6665
Epoch Time: 17.80 min

Validation loss did not improve for 1/10 epochs.
Saved best model to: /home/u257295/Thesis/outputs/timesformer_f0.1_job44984/best_timesformer_model.pth (Top-1: 68.44%)

Epoch 3/100
Train Loss: 0.1830, Train Top-1: 95.08%, Train Top-5: 99.51%
Val Loss: 1.4061, Val Top-1: 69.18%, Val Top-5: 87.23%, Val Macro F1: 0.6812
Epoch Time: 17.87 min

Validation loss did not improve for 2/10 epochs.
Saved best model to: /home/u257295/Thesis/outputs/timesformer_f0.1_job44984/best_timesformer_model.pth (Top-1: 69.18%)

Epoch 4/100
Train Loss: 0.1346, Train Top-1: 96.25%, Train Top-5: 99.75%
Val Loss: 1.6451, Val Top-1: 63.28%, Val Top-5: 84.01%, Val Macro F1: 0.6304
Epoch Time: 17.96 min

Validation loss did not improve for 3/10 epochs.
Epoch 5/100
Train Loss: 0.1371, Train Top-1: 96.23%, Train Top-5: 99.51%
Val Loss: 2.3082, Val Top-1: 50.94%, Val Top-5: 73.72%, Val Macro F1: 0.5230
Epoch Time: 17.98 min

Validation loss did not improve for 4/10 epochs.
Epoch 6/100
Train Loss: 0.0973, Train Top-1: 97.46%, Train Top-5: 99.81%
Val Loss: 1.9386, Val Top-1: 59.42%, Val Top-5: 78.27%, Val Macro F1: 0.5887
Epoch Time: 17.81 min

Validation loss did not improve for 5/10 epochs.
Epoch 7/100
Train Loss: 0.0953, Train Top-1: 97.44%, Train Top-5: 99.76%
Val Loss: 2.0180, Val Top-1: 60.69%, Val Top-5: 80.89%, Val Macro F1: 0.6012
Epoch Time: 17.91 min

Validation loss did not improve for 6/10 epochs.
Epoch 8/100
Train Loss: 0.1142, Train Top-1: 96.99%, Train Top-5: 99.70%
Val Loss: 1.8843, Val Top-1: 59.98%, Val Top-5: 79.36%, Val Macro F1: 0.5947
Epoch Time: 17.90 min

Validation loss did not improve for 7/10 epochs.
Epoch 9/100
Train Loss: 0.0571, Train Top-1: 98.42%, Train Top-5: 99.90%
Val Loss: 2.3595, Val Top-1: 57.39%, Val Top-5: 79.80%, Val Macro F1: 0.5800
Epoch Time: 17.79 min

Validation loss did not improve for 8/10 epochs.
Epoch 10/100
Train Loss: 0.1075, Train Top-1: 97.04%, Train Top-5: 99.73%
Val Loss: 1.7263, Val Top-1: 66.22%, Val Top-5: 84.35%, Val Macro F1: 0.6620
Epoch Time: 17.81 min

Validation loss did not improve for 9/10 epochs.
Epoch 11/100
Train Loss: 0.0746, Train Top-1: 97.96%, Train Top-5: 99.85%
Val Loss: 1.9830, Val Top-1: 60.72%, Val Top-5: 80.60%, Val Macro F1: 0.6050
Epoch Time: 17.88 min

Validation loss did not improve for 10/10 epochs.
Early stopping triggered: validation loss has not improved for 10 consecutive epochs.
Training complete. Loading best checkpoint for final temporal evaluation...

Evaluating temporal fraction=0.1
Fraction 0.1: Top-1=69.18% | Top-5=87.23% | Macro P/R/F1=0.7244/0.6883/0.6812

Final metrics written to: /home/u257295/Thesis/outputs/timesformer_f0.1_job44984/metrics_summary_44984.json
Best model checkpoint: /home/u257295/Thesis/outputs/timesformer_f0.1_job44984/best_timesformer_model.pth
