Using device: cuda
SLURM job id: 44636
Train fraction: 0.1
Eval fractions: [0.1]
Checkpoint selection fraction: 0.1
Loading datasets...
Train samples: 9586, Val samples: 3734
Number of classes: 101
Loading pre-trained R3D-18 (Kinetics-400)...

Starting training...

Epoch 1/100
Train Loss: 2.3209, Train Top-1: 51.68%, Train Top-5: 76.41%
Val Loss: 1.4846, Val Top-1: 62.85%, Val Top-5: 86.13%, Val Macro F1: 0.6033
Epoch Time: 8.51 min

Saved best model to: /home/u257295/Thesis/outputs/resnet_f0.1_job44636/best_resnet_model.pth (Top-1: 62.85%)

Epoch 2/100
Train Loss: 0.9240, Train Top-1: 80.68%, Train Top-5: 95.13%
Val Loss: 1.5012, Val Top-1: 64.81%, Val Top-5: 85.94%, Val Macro F1: 0.6369
Epoch Time: 6.41 min

Saved best model to: /home/u257295/Thesis/outputs/resnet_f0.1_job44636/best_resnet_model.pth (Top-1: 64.81%)

Epoch 3/100
Train Loss: 0.5294, Train Top-1: 88.46%, Train Top-5: 97.79%
Val Loss: 1.5276, Val Top-1: 66.26%, Val Top-5: 86.88%, Val Macro F1: 0.6507
Epoch Time: 6.36 min

Saved best model to: /home/u257295/Thesis/outputs/resnet_f0.1_job44636/best_resnet_model.pth (Top-1: 66.26%)

Epoch 4/100
Train Loss: 0.3725, Train Top-1: 91.93%, Train Top-5: 98.55%
Val Loss: 1.6221, Val Top-1: 64.78%, Val Top-5: 86.37%, Val Macro F1: 0.6418
Epoch Time: 6.31 min

Epoch 5/100
Train Loss: 0.2755, Train Top-1: 93.79%, Train Top-5: 99.04%
Val Loss: 1.7142, Val Top-1: 65.08%, Val Top-5: 85.24%, Val Macro F1: 0.6394
Epoch Time: 6.37 min

Epoch 6/100
Train Loss: 0.2369, Train Top-1: 94.59%, Train Top-5: 99.21%
Val Loss: 1.8768, Val Top-1: 63.87%, Val Top-5: 84.95%, Val Macro F1: 0.6318
Epoch Time: 6.31 min

Epoch 7/100
Train Loss: 0.1990, Train Top-1: 95.44%, Train Top-5: 99.31%
Val Loss: 2.0367, Val Top-1: 64.11%, Val Top-5: 85.35%, Val Macro F1: 0.6400
Epoch Time: 6.38 min

Epoch 8/100
Train Loss: 0.1845, Train Top-1: 95.56%, Train Top-5: 99.36%
Val Loss: 1.9647, Val Top-1: 64.11%, Val Top-5: 83.66%, Val Macro F1: 0.6258
Epoch Time: 6.37 min

Epoch 9/100
Train Loss: 0.1639, Train Top-1: 96.06%, Train Top-5: 99.38%
Val Loss: 1.9560, Val Top-1: 63.52%, Val Top-5: 82.27%, Val Macro F1: 0.6191
Epoch Time: 7.25 min

Epoch 10/100
Train Loss: 0.1393, Train Top-1: 96.71%, Train Top-5: 99.51%
Val Loss: 1.9914, Val Top-1: 64.68%, Val Top-5: 84.07%, Val Macro F1: 0.6347
Epoch Time: 6.28 min

Epoch 11/100
Train Loss: 0.1337, Train Top-1: 96.43%, Train Top-5: 99.59%
Val Loss: 2.0145, Val Top-1: 63.85%, Val Top-5: 83.07%, Val Macro F1: 0.6366
Epoch Time: 6.36 min

Epoch 12/100
Train Loss: 0.1412, Train Top-1: 96.48%, Train Top-5: 99.49%
Val Loss: 1.9782, Val Top-1: 64.84%, Val Top-5: 83.40%, Val Macro F1: 0.6424
Epoch Time: 6.32 min

Epoch 13/100
Train Loss: 0.1131, Train Top-1: 97.12%, Train Top-5: 99.61%
Val Loss: 2.1302, Val Top-1: 62.21%, Val Top-5: 82.32%, Val Macro F1: 0.6163
Epoch Time: 6.29 min

Epoch 14/100
Train Loss: 0.1100, Train Top-1: 97.29%, Train Top-5: 99.59%
Val Loss: 2.1476, Val Top-1: 61.84%, Val Top-5: 82.08%, Val Macro F1: 0.6103
Epoch Time: 6.32 min

Epoch 15/100
Train Loss: 0.1017, Train Top-1: 97.40%, Train Top-5: 99.60%
Val Loss: 2.2337, Val Top-1: 63.02%, Val Top-5: 82.30%, Val Macro F1: 0.6229
Epoch Time: 6.29 min

Epoch 16/100
Train Loss: 0.0980, Train Top-1: 97.60%, Train Top-5: 99.54%
Val Loss: 2.2543, Val Top-1: 61.27%, Val Top-5: 82.19%, Val Macro F1: 0.6029
Epoch Time: 6.42 min

Epoch 17/100
Train Loss: 0.1071, Train Top-1: 97.37%, Train Top-5: 99.49%
Val Loss: 2.3852, Val Top-1: 61.52%, Val Top-5: 81.74%, Val Macro F1: 0.6086
Epoch Time: 6.77 min

Epoch 18/100
Train Loss: 0.0899, Train Top-1: 97.70%, Train Top-5: 99.65%
Val Loss: 2.1951, Val Top-1: 62.05%, Val Top-5: 80.32%, Val Macro F1: 0.6158
Epoch Time: 7.82 min

Epoch 19/100
Train Loss: 0.0794, Train Top-1: 97.98%, Train Top-5: 99.68%
Val Loss: 2.3346, Val Top-1: 61.41%, Val Top-5: 81.28%, Val Macro F1: 0.6114
Epoch Time: 6.32 min

Epoch 20/100
Train Loss: 0.0774, Train Top-1: 98.07%, Train Top-5: 99.68%
Val Loss: 2.2504, Val Top-1: 62.56%, Val Top-5: 81.68%, Val Macro F1: 0.6243
Epoch Time: 6.28 min

Epoch 21/100
Train Loss: 0.0790, Train Top-1: 97.90%, Train Top-5: 99.69%
Val Loss: 2.3377, Val Top-1: 62.69%, Val Top-5: 81.41%, Val Macro F1: 0.6181
Epoch Time: 6.30 min

Epoch 22/100
Train Loss: 0.0837, Train Top-1: 97.78%, Train Top-5: 99.66%
Val Loss: 2.5207, Val Top-1: 61.33%, Val Top-5: 81.68%, Val Macro F1: 0.6144
Epoch Time: 6.33 min

Epoch 23/100
Train Loss: 0.0692, Train Top-1: 98.15%, Train Top-5: 99.72%
Val Loss: 2.3405, Val Top-1: 60.79%, Val Top-5: 82.51%, Val Macro F1: 0.5996
Epoch Time: 6.33 min

Epoch 24/100
Train Loss: 0.0714, Train Top-1: 98.25%, Train Top-5: 99.66%
Val Loss: 2.4525, Val Top-1: 60.36%, Val Top-5: 80.21%, Val Macro F1: 0.5941
Epoch Time: 6.29 min

Epoch 25/100
Train Loss: 0.0871, Train Top-1: 97.83%, Train Top-5: 99.54%
Val Loss: 2.4123, Val Top-1: 60.02%, Val Top-5: 79.91%, Val Macro F1: 0.5891
Epoch Time: 6.34 min

Epoch 26/100
Train Loss: 0.0691, Train Top-1: 98.25%, Train Top-5: 99.68%
Val Loss: 2.3387, Val Top-1: 62.75%, Val Top-5: 80.66%, Val Macro F1: 0.6153
Epoch Time: 6.35 min

Epoch 27/100
Train Loss: 0.0553, Train Top-1: 98.62%, Train Top-5: 99.77%
Val Loss: 2.3087, Val Top-1: 62.05%, Val Top-5: 81.76%, Val Macro F1: 0.6157
Epoch Time: 7.50 min

Epoch 28/100
Train Loss: 0.0623, Train Top-1: 98.32%, Train Top-5: 99.69%
Val Loss: 2.4504, Val Top-1: 60.71%, Val Top-5: 81.55%, Val Macro F1: 0.6065
Epoch Time: 6.56 min

Epoch 29/100
Train Loss: 0.0583, Train Top-1: 98.55%, Train Top-5: 99.71%
Val Loss: 2.3942, Val Top-1: 60.58%, Val Top-5: 81.74%, Val Macro F1: 0.5935
Epoch Time: 6.30 min

Epoch 30/100
Train Loss: 0.0572, Train Top-1: 98.39%, Train Top-5: 99.74%
Val Loss: 2.5078, Val Top-1: 61.54%, Val Top-5: 80.42%, Val Macro F1: 0.6068
Epoch Time: 6.42 min

Epoch 31/100
Train Loss: 0.0584, Train Top-1: 98.54%, Train Top-5: 99.66%
Val Loss: 2.2715, Val Top-1: 62.21%, Val Top-5: 81.87%, Val Macro F1: 0.6125
Epoch Time: 6.36 min

Epoch 32/100
Train Loss: 0.0565, Train Top-1: 98.52%, Train Top-5: 99.76%
Val Loss: 2.4460, Val Top-1: 61.41%, Val Top-5: 81.66%, Val Macro F1: 0.6072
Epoch Time: 6.36 min

Epoch 33/100
Train Loss: 0.0602, Train Top-1: 98.47%, Train Top-5: 99.78%
Val Loss: 2.5830, Val Top-1: 58.65%, Val Top-5: 79.83%, Val Macro F1: 0.5833
Epoch Time: 6.36 min

Epoch 34/100
Train Loss: 0.0467, Train Top-1: 98.87%, Train Top-5: 99.77%
Val Loss: 2.4771, Val Top-1: 59.45%, Val Top-5: 81.71%, Val Macro F1: 0.5904
Epoch Time: 6.37 min

Epoch 35/100
Train Loss: 0.0417, Train Top-1: 98.80%, Train Top-5: 99.85%
Val Loss: 2.3144, Val Top-1: 62.94%, Val Top-5: 80.56%, Val Macro F1: 0.6171
Epoch Time: 6.28 min

Epoch 36/100
Train Loss: 0.0382, Train Top-1: 99.02%, Train Top-5: 99.87%
Val Loss: 2.2259, Val Top-1: 62.29%, Val Top-5: 81.90%, Val Macro F1: 0.6140
Epoch Time: 6.94 min

Epoch 37/100
Train Loss: 0.0410, Train Top-1: 99.01%, Train Top-5: 99.78%
Val Loss: 2.3320, Val Top-1: 62.53%, Val Top-5: 81.79%, Val Macro F1: 0.6187
Epoch Time: 7.26 min

Epoch 38/100
Train Loss: 0.0437, Train Top-1: 98.86%, Train Top-5: 99.71%
Val Loss: 2.4816, Val Top-1: 61.25%, Val Top-5: 80.99%, Val Macro F1: 0.6070
Epoch Time: 6.35 min

Epoch 39/100
Train Loss: 0.0416, Train Top-1: 98.83%, Train Top-5: 99.86%
Val Loss: 2.4382, Val Top-1: 60.77%, Val Top-5: 81.60%, Val Macro F1: 0.6027
Epoch Time: 6.30 min

Epoch 40/100
Train Loss: 0.0346, Train Top-1: 99.09%, Train Top-5: 99.87%
Val Loss: 2.5273, Val Top-1: 60.82%, Val Top-5: 79.91%, Val Macro F1: 0.5962
Epoch Time: 6.33 min

Epoch 41/100
Train Loss: 0.0344, Train Top-1: 99.16%, Train Top-5: 99.83%
Val Loss: 2.5443, Val Top-1: 60.47%, Val Top-5: 79.73%, Val Macro F1: 0.5905
Epoch Time: 6.30 min

Epoch 42/100
Train Loss: 0.0345, Train Top-1: 99.19%, Train Top-5: 99.85%
Val Loss: 2.3306, Val Top-1: 62.69%, Val Top-5: 81.25%, Val Macro F1: 0.6180
Epoch Time: 6.33 min

Epoch 43/100
Train Loss: 0.0308, Train Top-1: 99.18%, Train Top-5: 99.92%
Val Loss: 2.4922, Val Top-1: 60.04%, Val Top-5: 80.02%, Val Macro F1: 0.5904
Epoch Time: 6.28 min

Epoch 44/100
Train Loss: 0.0377, Train Top-1: 99.09%, Train Top-5: 99.78%
Val Loss: 2.4817, Val Top-1: 62.10%, Val Top-5: 81.01%, Val Macro F1: 0.6226
Epoch Time: 6.38 min

Epoch 45/100
Train Loss: 0.0340, Train Top-1: 99.11%, Train Top-5: 99.82%
Val Loss: 2.2381, Val Top-1: 63.20%, Val Top-5: 81.09%, Val Macro F1: 0.6224
Epoch Time: 6.57 min

Epoch 46/100
Train Loss: 0.0269, Train Top-1: 99.30%, Train Top-5: 99.86%
Val Loss: 2.4533, Val Top-1: 61.60%, Val Top-5: 81.31%, Val Macro F1: 0.6088
Epoch Time: 7.66 min

Epoch 47/100
Train Loss: 0.0309, Train Top-1: 99.28%, Train Top-5: 99.79%
Val Loss: 2.4534, Val Top-1: 61.25%, Val Top-5: 80.91%, Val Macro F1: 0.6042
Epoch Time: 6.34 min

Epoch 48/100
Train Loss: 0.0299, Train Top-1: 99.24%, Train Top-5: 99.86%
Val Loss: 2.5742, Val Top-1: 60.90%, Val Top-5: 79.57%, Val Macro F1: 0.6026
Epoch Time: 6.34 min

Epoch 49/100
Train Loss: 0.0258, Train Top-1: 99.32%, Train Top-5: 99.89%
Val Loss: 2.5024, Val Top-1: 61.70%, Val Top-5: 79.24%, Val Macro F1: 0.6049
Epoch Time: 6.27 min

Epoch 50/100
Train Loss: 0.0240, Train Top-1: 99.42%, Train Top-5: 99.92%
Val Loss: 2.4216, Val Top-1: 61.60%, Val Top-5: 80.69%, Val Macro F1: 0.6087
Epoch Time: 6.34 min

Epoch 51/100
Train Loss: 0.0238, Train Top-1: 99.35%, Train Top-5: 99.87%
Val Loss: 2.2998, Val Top-1: 62.88%, Val Top-5: 80.64%, Val Macro F1: 0.6172
Epoch Time: 6.36 min

Epoch 52/100
Train Loss: 0.0231, Train Top-1: 99.37%, Train Top-5: 99.87%
Val Loss: 2.3858, Val Top-1: 62.24%, Val Top-5: 80.40%, Val Macro F1: 0.6105
Epoch Time: 6.33 min

Epoch 53/100
Train Loss: 0.0229, Train Top-1: 99.46%, Train Top-5: 99.84%
Val Loss: 2.3786, Val Top-1: 62.91%, Val Top-5: 81.15%, Val Macro F1: 0.6232
Epoch Time: 6.29 min

Epoch 54/100
Train Loss: 0.0175, Train Top-1: 99.59%, Train Top-5: 99.91%
Val Loss: 2.4261, Val Top-1: 62.94%, Val Top-5: 81.68%, Val Macro F1: 0.6218
Epoch Time: 6.38 min

Epoch 55/100
Train Loss: 0.0199, Train Top-1: 99.50%, Train Top-5: 99.92%
Val Loss: 2.3536, Val Top-1: 62.94%, Val Top-5: 81.09%, Val Macro F1: 0.6190
Epoch Time: 7.68 min

Epoch 56/100
Train Loss: 0.0150, Train Top-1: 99.53%, Train Top-5: 99.97%
Val Loss: 2.3951, Val Top-1: 62.67%, Val Top-5: 81.17%, Val Macro F1: 0.6202
Epoch Time: 6.51 min

Epoch 57/100
Train Loss: 0.0152, Train Top-1: 99.71%, Train Top-5: 99.91%
Val Loss: 2.4185, Val Top-1: 62.56%, Val Top-5: 81.60%, Val Macro F1: 0.6144
Epoch Time: 6.20 min

Epoch 58/100
Train Loss: 0.0196, Train Top-1: 99.50%, Train Top-5: 99.92%
Val Loss: 2.4431, Val Top-1: 62.91%, Val Top-5: 81.12%, Val Macro F1: 0.6170
Epoch Time: 6.14 min

Epoch 59/100
Train Loss: 0.0119, Train Top-1: 99.70%, Train Top-5: 99.94%
Val Loss: 2.3710, Val Top-1: 64.43%, Val Top-5: 82.89%, Val Macro F1: 0.6377
Epoch Time: 6.14 min

Epoch 60/100
Train Loss: 0.0178, Train Top-1: 99.59%, Train Top-5: 99.91%
Val Loss: 2.6722, Val Top-1: 61.06%, Val Top-5: 79.78%, Val Macro F1: 0.6077
Epoch Time: 6.22 min

Epoch 61/100
Train Loss: 0.0155, Train Top-1: 99.62%, Train Top-5: 99.93%
Val Loss: 2.3687, Val Top-1: 62.99%, Val Top-5: 82.32%, Val Macro F1: 0.6197
Epoch Time: 6.10 min

Epoch 62/100
Train Loss: 0.0148, Train Top-1: 99.66%, Train Top-5: 99.92%
Val Loss: 2.5125, Val Top-1: 62.53%, Val Top-5: 81.33%, Val Macro F1: 0.6278
Epoch Time: 5.49 min

Epoch 63/100
Train Loss: 0.0091, Train Top-1: 99.82%, Train Top-5: 99.98%
Val Loss: 2.4285, Val Top-1: 61.78%, Val Top-5: 81.09%, Val Macro F1: 0.6091
Epoch Time: 5.50 min

Epoch 64/100
Train Loss: 0.0174, Train Top-1: 99.57%, Train Top-5: 99.87%
Val Loss: 2.4628, Val Top-1: 62.32%, Val Top-5: 81.68%, Val Macro F1: 0.6135
Epoch Time: 5.44 min

Epoch 65/100
Train Loss: 0.0107, Train Top-1: 99.75%, Train Top-5: 99.97%
Val Loss: 2.3774, Val Top-1: 63.04%, Val Top-5: 81.92%, Val Macro F1: 0.6214
Epoch Time: 5.53 min

Epoch 66/100
Train Loss: 0.0125, Train Top-1: 99.73%, Train Top-5: 99.94%
Val Loss: 2.3130, Val Top-1: 63.55%, Val Top-5: 82.16%, Val Macro F1: 0.6228
Epoch Time: 5.45 min

Epoch 67/100
Train Loss: 0.0120, Train Top-1: 99.74%, Train Top-5: 99.95%
Val Loss: 2.4810, Val Top-1: 62.48%, Val Top-5: 82.00%, Val Macro F1: 0.6126
Epoch Time: 5.48 min

Epoch 68/100
Train Loss: 0.0090, Train Top-1: 99.77%, Train Top-5: 99.96%
Val Loss: 2.4335, Val Top-1: 62.43%, Val Top-5: 81.44%, Val Macro F1: 0.6109
Epoch Time: 5.36 min

Epoch 69/100
Train Loss: 0.0098, Train Top-1: 99.78%, Train Top-5: 99.94%
Val Loss: 2.3821, Val Top-1: 63.74%, Val Top-5: 82.35%, Val Macro F1: 0.6243
Epoch Time: 5.43 min

Epoch 70/100
Train Loss: 0.0065, Train Top-1: 99.85%, Train Top-5: 99.98%
Val Loss: 2.3674, Val Top-1: 64.14%, Val Top-5: 82.11%, Val Macro F1: 0.6314
Epoch Time: 5.50 min

Epoch 71/100
Train Loss: 0.0085, Train Top-1: 99.77%, Train Top-5: 99.96%
Val Loss: 2.4603, Val Top-1: 64.33%, Val Top-5: 81.60%, Val Macro F1: 0.6352
Epoch Time: 5.52 min

Epoch 72/100
Train Loss: 0.0092, Train Top-1: 99.76%, Train Top-5: 99.97%
Val Loss: 2.4670, Val Top-1: 64.14%, Val Top-5: 81.74%, Val Macro F1: 0.6273
Epoch Time: 5.48 min

Epoch 73/100
Train Loss: 0.0073, Train Top-1: 99.82%, Train Top-5: 99.97%
Val Loss: 2.4071, Val Top-1: 64.76%, Val Top-5: 81.95%, Val Macro F1: 0.6351
Epoch Time: 5.48 min

Epoch 74/100
Train Loss: 0.0070, Train Top-1: 99.83%, Train Top-5: 99.98%
Val Loss: 2.4138, Val Top-1: 64.52%, Val Top-5: 82.43%, Val Macro F1: 0.6359
Epoch Time: 5.46 min

Epoch 75/100
Train Loss: 0.0064, Train Top-1: 99.85%, Train Top-5: 99.98%
Val Loss: 2.3621, Val Top-1: 64.52%, Val Top-5: 82.70%, Val Macro F1: 0.6368
Epoch Time: 5.44 min

Epoch 76/100
Train Loss: 0.0064, Train Top-1: 99.83%, Train Top-5: 99.99%
Val Loss: 2.3898, Val Top-1: 63.74%, Val Top-5: 82.67%, Val Macro F1: 0.6277
Epoch Time: 5.41 min

Epoch 77/100
Train Loss: 0.0061, Train Top-1: 99.87%, Train Top-5: 99.97%
Val Loss: 2.4034, Val Top-1: 64.92%, Val Top-5: 82.08%, Val Macro F1: 0.6366
Epoch Time: 5.37 min

Epoch 78/100
Train Loss: 0.0043, Train Top-1: 99.92%, Train Top-5: 99.99%
Val Loss: 2.5301, Val Top-1: 63.95%, Val Top-5: 81.63%, Val Macro F1: 0.6289
Epoch Time: 5.47 min

Epoch 79/100
Train Loss: 0.0059, Train Top-1: 99.85%, Train Top-5: 99.99%
Val Loss: 2.3689, Val Top-1: 64.57%, Val Top-5: 82.81%, Val Macro F1: 0.6366
Epoch Time: 5.47 min

Epoch 80/100
Train Loss: 0.0058, Train Top-1: 99.84%, Train Top-5: 99.99%
Val Loss: 2.3809, Val Top-1: 64.60%, Val Top-5: 82.08%, Val Macro F1: 0.6362
Epoch Time: 5.48 min

Epoch 81/100
Train Loss: 0.0045, Train Top-1: 99.90%, Train Top-5: 99.99%
Val Loss: 2.3371, Val Top-1: 64.84%, Val Top-5: 82.65%, Val Macro F1: 0.6396
Epoch Time: 5.46 min

Epoch 82/100
Train Loss: 0.0047, Train Top-1: 99.89%, Train Top-5: 100.00%
Val Loss: 2.2612, Val Top-1: 65.99%, Val Top-5: 83.13%, Val Macro F1: 0.6486
Epoch Time: 5.43 min

Epoch 83/100
Train Loss: 0.0054, Train Top-1: 99.85%, Train Top-5: 99.98%
Val Loss: 2.2933, Val Top-1: 64.89%, Val Top-5: 82.62%, Val Macro F1: 0.6383
Epoch Time: 5.37 min

Epoch 84/100
Train Loss: 0.0047, Train Top-1: 99.90%, Train Top-5: 99.98%
Val Loss: 2.2872, Val Top-1: 65.18%, Val Top-5: 82.75%, Val Macro F1: 0.6437
Epoch Time: 5.38 min

Epoch 85/100
Train Loss: 0.0048, Train Top-1: 99.87%, Train Top-5: 99.98%
Val Loss: 2.4270, Val Top-1: 64.46%, Val Top-5: 82.03%, Val Macro F1: 0.6374
Epoch Time: 5.50 min

Epoch 86/100
Train Loss: 0.0046, Train Top-1: 99.85%, Train Top-5: 99.99%
Val Loss: 2.3272, Val Top-1: 65.40%, Val Top-5: 83.02%, Val Macro F1: 0.6487
Epoch Time: 5.40 min

Epoch 87/100
Train Loss: 0.0031, Train Top-1: 99.93%, Train Top-5: 100.00%
Val Loss: 2.2511, Val Top-1: 65.48%, Val Top-5: 82.94%, Val Macro F1: 0.6452
Epoch Time: 5.43 min

Epoch 88/100
Train Loss: 0.0031, Train Top-1: 99.95%, Train Top-5: 99.99%
Val Loss: 2.3258, Val Top-1: 64.84%, Val Top-5: 82.86%, Val Macro F1: 0.6417
Epoch Time: 5.38 min

Epoch 89/100
Train Loss: 0.0050, Train Top-1: 99.89%, Train Top-5: 99.97%
Val Loss: 2.3488, Val Top-1: 65.02%, Val Top-5: 83.13%, Val Macro F1: 0.6431
Epoch Time: 5.38 min

Epoch 90/100
Train Loss: 0.0045, Train Top-1: 99.89%, Train Top-5: 99.99%
Val Loss: 2.3806, Val Top-1: 65.32%, Val Top-5: 82.97%, Val Macro F1: 0.6435
Epoch Time: 5.41 min

Epoch 91/100
Train Loss: 0.0048, Train Top-1: 99.89%, Train Top-5: 99.98%
Val Loss: 2.3763, Val Top-1: 65.16%, Val Top-5: 82.83%, Val Macro F1: 0.6418
Epoch Time: 5.42 min

Epoch 92/100
Train Loss: 0.0034, Train Top-1: 99.93%, Train Top-5: 100.00%
Val Loss: 2.2728, Val Top-1: 65.35%, Val Top-5: 82.94%, Val Macro F1: 0.6415
Epoch Time: 5.43 min

Epoch 93/100
Train Loss: 0.0037, Train Top-1: 99.94%, Train Top-5: 99.99%
Val Loss: 2.3557, Val Top-1: 65.16%, Val Top-5: 82.83%, Val Macro F1: 0.6419
Epoch Time: 5.54 min

Epoch 94/100
Train Loss: 0.0033, Train Top-1: 99.92%, Train Top-5: 99.99%
Val Loss: 2.3079, Val Top-1: 65.24%, Val Top-5: 82.86%, Val Macro F1: 0.6437
Epoch Time: 5.47 min

Epoch 95/100
Train Loss: 0.0042, Train Top-1: 99.89%, Train Top-5: 99.99%
Val Loss: 2.3060, Val Top-1: 65.59%, Val Top-5: 83.07%, Val Macro F1: 0.6478
Epoch Time: 5.50 min

Epoch 96/100
Train Loss: 0.0041, Train Top-1: 99.89%, Train Top-5: 99.99%
Val Loss: 2.2605, Val Top-1: 65.77%, Val Top-5: 83.02%, Val Macro F1: 0.6479
Epoch Time: 5.46 min

Epoch 97/100
Train Loss: 0.0032, Train Top-1: 99.95%, Train Top-5: 100.00%
Val Loss: 2.3321, Val Top-1: 66.12%, Val Top-5: 83.15%, Val Macro F1: 0.6530
Epoch Time: 5.53 min

Epoch 98/100
Train Loss: 0.0045, Train Top-1: 99.91%, Train Top-5: 99.98%
Val Loss: 2.2720, Val Top-1: 65.77%, Val Top-5: 83.64%, Val Macro F1: 0.6476
Epoch Time: 5.41 min

Epoch 99/100
Train Loss: 0.0032, Train Top-1: 99.92%, Train Top-5: 100.00%
Val Loss: 2.3183, Val Top-1: 65.67%, Val Top-5: 83.13%, Val Macro F1: 0.6452
Epoch Time: 5.46 min

Epoch 100/100
Train Loss: 0.0036, Train Top-1: 99.91%, Train Top-5: 100.00%
Val Loss: 2.3886, Val Top-1: 64.92%, Val Top-5: 82.40%, Val Macro F1: 0.6416
Epoch Time: 5.48 min

Training complete. Loading best checkpoint for final temporal evaluation...

Evaluating temporal fraction=0.1
Fraction 0.1: Top-1=66.26% | Top-5=86.88% | Macro P/R/F1=0.6879/0.6613/0.6507

Final metrics written to: /home/u257295/Thesis/outputs/resnet_f0.1_job44636/metrics_summary_44636.json
Best model checkpoint: /home/u257295/Thesis/outputs/resnet_f0.1_job44636/best_resnet_model.pth
