Using device: cuda
SLURM job id: 44659
Train fraction: 0.25
Eval fractions: [0.25]
Checkpoint selection fraction: 0.25
Loading datasets...
Train samples: 9624, Val samples: 3696
Number of classes: 101
Loading pre-trained R3D-18 (Kinetics-400)...

Starting training...

Epoch 1/100
Train Loss: 2.2560, Train Top-1: 54.32%, Train Top-5: 77.28%
Val Loss: 1.3862, Val Top-1: 65.12%, Val Top-5: 88.58%, Val Macro F1: 0.6324
Epoch Time: 6.92 min

Saved best model to: /home/u257295/Thesis/outputs/resnet_f0.25_job44659/best_resnet_model.pth (Top-1: 65.12%)

Epoch 2/100
Train Loss: 0.8519, Train Top-1: 82.59%, Train Top-5: 95.50%
Val Loss: 1.4223, Val Top-1: 67.72%, Val Top-5: 88.45%, Val Macro F1: 0.6649
Epoch Time: 6.55 min

Saved best model to: /home/u257295/Thesis/outputs/resnet_f0.25_job44659/best_resnet_model.pth (Top-1: 67.72%)

Epoch 3/100
Train Loss: 0.4936, Train Top-1: 89.44%, Train Top-5: 98.10%
Val Loss: 1.5517, Val Top-1: 65.88%, Val Top-5: 87.34%, Val Macro F1: 0.6556
Epoch Time: 6.69 min

Epoch 4/100
Train Loss: 0.3337, Train Top-1: 92.62%, Train Top-5: 98.82%
Val Loss: 1.4443, Val Top-1: 68.34%, Val Top-5: 88.80%, Val Macro F1: 0.6769
Epoch Time: 6.49 min

Saved best model to: /home/u257295/Thesis/outputs/resnet_f0.25_job44659/best_resnet_model.pth (Top-1: 68.34%)

Epoch 5/100
Train Loss: 0.2758, Train Top-1: 93.72%, Train Top-5: 98.99%
Val Loss: 1.7535, Val Top-1: 65.53%, Val Top-5: 86.36%, Val Macro F1: 0.6512
Epoch Time: 5.46 min

Epoch 6/100
Train Loss: 0.2096, Train Top-1: 95.32%, Train Top-5: 99.15%
Val Loss: 1.8156, Val Top-1: 64.26%, Val Top-5: 87.15%, Val Macro F1: 0.6356
Epoch Time: 5.42 min

Epoch 7/100
Train Loss: 0.2008, Train Top-1: 95.42%, Train Top-5: 99.35%
Val Loss: 1.9294, Val Top-1: 62.72%, Val Top-5: 85.98%, Val Macro F1: 0.6217
Epoch Time: 5.40 min

Epoch 8/100
Train Loss: 0.1579, Train Top-1: 96.20%, Train Top-5: 99.49%
Val Loss: 1.9675, Val Top-1: 62.47%, Val Top-5: 84.04%, Val Macro F1: 0.6201
Epoch Time: 5.45 min

Epoch 9/100
Train Loss: 0.1582, Train Top-1: 96.43%, Train Top-5: 99.33%
Val Loss: 1.7344, Val Top-1: 67.67%, Val Top-5: 87.82%, Val Macro F1: 0.6699
Epoch Time: 5.50 min

Epoch 10/100
Train Loss: 0.1446, Train Top-1: 96.50%, Train Top-5: 99.37%
Val Loss: 1.9270, Val Top-1: 64.50%, Val Top-5: 84.79%, Val Macro F1: 0.6306
Epoch Time: 5.47 min

Epoch 11/100
Train Loss: 0.1212, Train Top-1: 96.95%, Train Top-5: 99.51%
Val Loss: 2.0731, Val Top-1: 63.47%, Val Top-5: 83.33%, Val Macro F1: 0.6324
Epoch Time: 5.44 min

Epoch 12/100
Train Loss: 0.1262, Train Top-1: 97.04%, Train Top-5: 99.49%
Val Loss: 1.8528, Val Top-1: 66.42%, Val Top-5: 86.72%, Val Macro F1: 0.6551
Epoch Time: 5.32 min

Epoch 13/100
Train Loss: 0.1130, Train Top-1: 97.38%, Train Top-5: 99.56%
Val Loss: 2.1454, Val Top-1: 63.31%, Val Top-5: 84.12%, Val Macro F1: 0.6193
Epoch Time: 5.40 min

Epoch 14/100
Train Loss: 0.1182, Train Top-1: 96.97%, Train Top-5: 99.58%
Val Loss: 1.9577, Val Top-1: 64.56%, Val Top-5: 84.90%, Val Macro F1: 0.6410
Epoch Time: 6.49 min

Epoch 15/100
Train Loss: 0.1143, Train Top-1: 97.24%, Train Top-5: 99.50%
Val Loss: 2.0855, Val Top-1: 63.07%, Val Top-5: 83.50%, Val Macro F1: 0.6298
Epoch Time: 5.84 min

Epoch 16/100
Train Loss: 0.0937, Train Top-1: 97.73%, Train Top-5: 99.61%
Val Loss: 2.1346, Val Top-1: 63.31%, Val Top-5: 83.85%, Val Macro F1: 0.6302
Epoch Time: 5.41 min

Epoch 17/100
Train Loss: 0.1024, Train Top-1: 97.39%, Train Top-5: 99.57%
Val Loss: 2.0864, Val Top-1: 66.48%, Val Top-5: 85.50%, Val Macro F1: 0.6595
Epoch Time: 5.24 min

Epoch 18/100
Train Loss: 0.0833, Train Top-1: 97.93%, Train Top-5: 99.65%
Val Loss: 2.1623, Val Top-1: 64.64%, Val Top-5: 84.39%, Val Macro F1: 0.6420
Epoch Time: 5.45 min

Epoch 19/100
Train Loss: 0.0959, Train Top-1: 97.72%, Train Top-5: 99.53%
Val Loss: 2.2158, Val Top-1: 63.56%, Val Top-5: 83.60%, Val Macro F1: 0.6276
Epoch Time: 5.48 min

Epoch 20/100
Train Loss: 0.0764, Train Top-1: 98.00%, Train Top-5: 99.78%
Val Loss: 2.2182, Val Top-1: 63.47%, Val Top-5: 83.93%, Val Macro F1: 0.6332
Epoch Time: 5.41 min

Epoch 21/100
Train Loss: 0.0757, Train Top-1: 98.14%, Train Top-5: 99.71%
Val Loss: 2.3211, Val Top-1: 63.37%, Val Top-5: 83.50%, Val Macro F1: 0.6255
Epoch Time: 5.46 min

Epoch 22/100
Train Loss: 0.0799, Train Top-1: 98.12%, Train Top-5: 99.65%
Val Loss: 2.1891, Val Top-1: 64.56%, Val Top-5: 82.79%, Val Macro F1: 0.6373
Epoch Time: 5.34 min

Epoch 23/100
Train Loss: 0.0613, Train Top-1: 98.46%, Train Top-5: 99.72%
Val Loss: 2.1216, Val Top-1: 62.72%, Val Top-5: 83.69%, Val Macro F1: 0.6173
Epoch Time: 5.46 min

Epoch 24/100
Train Loss: 0.0735, Train Top-1: 98.25%, Train Top-5: 99.65%
Val Loss: 2.3593, Val Top-1: 62.93%, Val Top-5: 83.82%, Val Macro F1: 0.6268
Epoch Time: 5.55 min

Epoch 25/100
Train Loss: 0.0678, Train Top-1: 98.29%, Train Top-5: 99.64%
Val Loss: 2.5210, Val Top-1: 61.07%, Val Top-5: 81.87%, Val Macro F1: 0.6080
Epoch Time: 6.56 min

Epoch 26/100
Train Loss: 0.0664, Train Top-1: 98.32%, Train Top-5: 99.72%
Val Loss: 2.3804, Val Top-1: 62.88%, Val Top-5: 82.52%, Val Macro F1: 0.6178
Epoch Time: 5.36 min

Epoch 27/100
Train Loss: 0.0597, Train Top-1: 98.56%, Train Top-5: 99.80%
Val Loss: 2.2633, Val Top-1: 64.69%, Val Top-5: 82.95%, Val Macro F1: 0.6402
Epoch Time: 5.26 min

Epoch 28/100
Train Loss: 0.0608, Train Top-1: 98.55%, Train Top-5: 99.69%
Val Loss: 2.2663, Val Top-1: 62.66%, Val Top-5: 82.87%, Val Macro F1: 0.6217
Epoch Time: 5.44 min

Epoch 29/100
Train Loss: 0.0535, Train Top-1: 98.69%, Train Top-5: 99.77%
Val Loss: 2.2726, Val Top-1: 63.26%, Val Top-5: 83.14%, Val Macro F1: 0.6259
Epoch Time: 5.42 min

Epoch 30/100
Train Loss: 0.0572, Train Top-1: 98.45%, Train Top-5: 99.75%
Val Loss: 2.3968, Val Top-1: 61.77%, Val Top-5: 83.20%, Val Macro F1: 0.6085
Epoch Time: 5.39 min

Epoch 31/100
Train Loss: 0.0639, Train Top-1: 98.30%, Train Top-5: 99.67%
Val Loss: 2.4113, Val Top-1: 62.77%, Val Top-5: 82.58%, Val Macro F1: 0.6160
Epoch Time: 5.40 min

Epoch 32/100
Train Loss: 0.0524, Train Top-1: 98.65%, Train Top-5: 99.76%
Val Loss: 2.6095, Val Top-1: 61.82%, Val Top-5: 83.23%, Val Macro F1: 0.6123
Epoch Time: 5.30 min

Epoch 33/100
Train Loss: 0.0531, Train Top-1: 98.63%, Train Top-5: 99.73%
Val Loss: 2.3398, Val Top-1: 61.96%, Val Top-5: 83.25%, Val Macro F1: 0.6156
Epoch Time: 5.41 min

Epoch 34/100
Train Loss: 0.0565, Train Top-1: 98.66%, Train Top-5: 99.69%
Val Loss: 2.5352, Val Top-1: 61.55%, Val Top-5: 82.28%, Val Macro F1: 0.6135
Epoch Time: 5.46 min

Epoch 35/100
Train Loss: 0.0369, Train Top-1: 98.97%, Train Top-5: 99.84%
Val Loss: 2.3267, Val Top-1: 62.47%, Val Top-5: 83.12%, Val Macro F1: 0.6209
Epoch Time: 5.74 min

Epoch 36/100
Train Loss: 0.0417, Train Top-1: 98.87%, Train Top-5: 99.88%
Val Loss: 2.4739, Val Top-1: 62.69%, Val Top-5: 82.63%, Val Macro F1: 0.6184
Epoch Time: 5.76 min

Epoch 37/100
Train Loss: 0.0411, Train Top-1: 98.96%, Train Top-5: 99.78%
Val Loss: 2.5437, Val Top-1: 60.88%, Val Top-5: 81.44%, Val Macro F1: 0.6100
Epoch Time: 5.25 min

Epoch 38/100
Train Loss: 0.0505, Train Top-1: 98.69%, Train Top-5: 99.74%
Val Loss: 2.3091, Val Top-1: 63.12%, Val Top-5: 82.95%, Val Macro F1: 0.6272
Epoch Time: 5.46 min

Epoch 39/100
Train Loss: 0.0380, Train Top-1: 98.99%, Train Top-5: 99.84%
Val Loss: 2.3961, Val Top-1: 62.64%, Val Top-5: 82.60%, Val Macro F1: 0.6213
Epoch Time: 5.42 min

Epoch 40/100
Train Loss: 0.0361, Train Top-1: 99.19%, Train Top-5: 99.78%
Val Loss: 2.3770, Val Top-1: 63.56%, Val Top-5: 82.33%, Val Macro F1: 0.6277
Epoch Time: 5.40 min

Epoch 41/100
Train Loss: 0.0407, Train Top-1: 99.12%, Train Top-5: 99.77%
Val Loss: 2.3959, Val Top-1: 62.09%, Val Top-5: 81.30%, Val Macro F1: 0.6184
Epoch Time: 5.40 min

Epoch 42/100
Train Loss: 0.0392, Train Top-1: 98.87%, Train Top-5: 99.76%
Val Loss: 2.3034, Val Top-1: 63.72%, Val Top-5: 83.01%, Val Macro F1: 0.6285
Epoch Time: 5.25 min

Epoch 43/100
Train Loss: 0.0270, Train Top-1: 99.35%, Train Top-5: 99.88%
Val Loss: 2.3913, Val Top-1: 61.99%, Val Top-5: 81.09%, Val Macro F1: 0.6184
Epoch Time: 5.47 min

Epoch 44/100
Train Loss: 0.0325, Train Top-1: 99.10%, Train Top-5: 99.90%
Val Loss: 2.3916, Val Top-1: 62.26%, Val Top-5: 81.44%, Val Macro F1: 0.6139
Epoch Time: 5.48 min

Epoch 45/100
Train Loss: 0.0258, Train Top-1: 99.29%, Train Top-5: 99.92%
Val Loss: 2.5032, Val Top-1: 61.88%, Val Top-5: 81.79%, Val Macro F1: 0.6176
Epoch Time: 5.42 min

Epoch 46/100
Train Loss: 0.0261, Train Top-1: 99.31%, Train Top-5: 99.89%
Val Loss: 2.5986, Val Top-1: 61.85%, Val Top-5: 82.01%, Val Macro F1: 0.6160
Epoch Time: 6.96 min

Epoch 47/100
Train Loss: 0.0278, Train Top-1: 99.33%, Train Top-5: 99.91%
Val Loss: 2.6084, Val Top-1: 62.55%, Val Top-5: 83.20%, Val Macro F1: 0.6218
Epoch Time: 5.31 min

Epoch 48/100
Train Loss: 0.0248, Train Top-1: 99.38%, Train Top-5: 99.92%
Val Loss: 2.4380, Val Top-1: 63.53%, Val Top-5: 82.95%, Val Macro F1: 0.6300
Epoch Time: 5.54 min

Epoch 49/100
Train Loss: 0.0294, Train Top-1: 99.27%, Train Top-5: 99.83%
Val Loss: 2.5045, Val Top-1: 62.74%, Val Top-5: 82.60%, Val Macro F1: 0.6208
Epoch Time: 5.57 min

Epoch 50/100
Train Loss: 0.0278, Train Top-1: 99.28%, Train Top-5: 99.93%
Val Loss: 2.4332, Val Top-1: 62.72%, Val Top-5: 82.41%, Val Macro F1: 0.6205
Epoch Time: 5.38 min

Epoch 51/100
Train Loss: 0.0221, Train Top-1: 99.44%, Train Top-5: 99.89%
Val Loss: 2.4406, Val Top-1: 61.26%, Val Top-5: 81.95%, Val Macro F1: 0.6071
Epoch Time: 5.35 min

Epoch 52/100
Train Loss: 0.0192, Train Top-1: 99.59%, Train Top-5: 99.89%
Val Loss: 2.3808, Val Top-1: 63.15%, Val Top-5: 82.58%, Val Macro F1: 0.6237
Epoch Time: 5.26 min

Epoch 53/100
Train Loss: 0.0241, Train Top-1: 99.36%, Train Top-5: 99.85%
Val Loss: 2.2809, Val Top-1: 64.20%, Val Top-5: 82.31%, Val Macro F1: 0.6314
Epoch Time: 5.42 min

Epoch 54/100
Train Loss: 0.0154, Train Top-1: 99.64%, Train Top-5: 99.94%
Val Loss: 2.4160, Val Top-1: 64.23%, Val Top-5: 82.77%, Val Macro F1: 0.6324
Epoch Time: 5.46 min

Epoch 55/100
Train Loss: 0.0186, Train Top-1: 99.46%, Train Top-5: 99.92%
Val Loss: 2.4062, Val Top-1: 63.83%, Val Top-5: 82.60%, Val Macro F1: 0.6329
Epoch Time: 5.51 min

Epoch 56/100
Train Loss: 0.0161, Train Top-1: 99.63%, Train Top-5: 99.91%
Val Loss: 2.3116, Val Top-1: 65.02%, Val Top-5: 84.01%, Val Macro F1: 0.6458
Epoch Time: 6.37 min

Epoch 57/100
Train Loss: 0.0144, Train Top-1: 99.61%, Train Top-5: 99.96%
Val Loss: 2.3438, Val Top-1: 63.50%, Val Top-5: 83.23%, Val Macro F1: 0.6284
Epoch Time: 5.75 min

Epoch 58/100
Train Loss: 0.0225, Train Top-1: 99.49%, Train Top-5: 99.88%
Val Loss: 2.2114, Val Top-1: 64.07%, Val Top-5: 83.12%, Val Macro F1: 0.6329
Epoch Time: 5.46 min

Epoch 59/100
Train Loss: 0.0150, Train Top-1: 99.64%, Train Top-5: 99.91%
Val Loss: 2.2316, Val Top-1: 64.64%, Val Top-5: 83.71%, Val Macro F1: 0.6337
Epoch Time: 5.43 min

Epoch 60/100
Train Loss: 0.0111, Train Top-1: 99.76%, Train Top-5: 99.97%
Val Loss: 2.2372, Val Top-1: 63.91%, Val Top-5: 83.77%, Val Macro F1: 0.6260
Epoch Time: 5.37 min

Epoch 61/100
Train Loss: 0.0129, Train Top-1: 99.66%, Train Top-5: 99.96%
Val Loss: 2.2409, Val Top-1: 64.96%, Val Top-5: 83.28%, Val Macro F1: 0.6361
Epoch Time: 5.37 min

Epoch 62/100
Train Loss: 0.0116, Train Top-1: 99.68%, Train Top-5: 99.95%
Val Loss: 2.1475, Val Top-1: 65.64%, Val Top-5: 84.66%, Val Macro F1: 0.6462
Epoch Time: 5.27 min

Epoch 63/100
Train Loss: 0.0100, Train Top-1: 99.78%, Train Top-5: 99.95%
Val Loss: 2.4258, Val Top-1: 62.74%, Val Top-5: 83.50%, Val Macro F1: 0.6198
Epoch Time: 5.45 min

Epoch 64/100
Train Loss: 0.0122, Train Top-1: 99.67%, Train Top-5: 99.93%
Val Loss: 2.3248, Val Top-1: 63.26%, Val Top-5: 83.79%, Val Macro F1: 0.6207
Epoch Time: 5.42 min

Epoch 65/100
Train Loss: 0.0149, Train Top-1: 99.58%, Train Top-5: 99.95%
Val Loss: 2.2825, Val Top-1: 64.15%, Val Top-5: 83.60%, Val Macro F1: 0.6291
Epoch Time: 5.39 min

Epoch 66/100
Train Loss: 0.0099, Train Top-1: 99.77%, Train Top-5: 99.94%
Val Loss: 2.1638, Val Top-1: 63.99%, Val Top-5: 83.85%, Val Macro F1: 0.6290
Epoch Time: 5.42 min

Epoch 67/100
Train Loss: 0.0095, Train Top-1: 99.80%, Train Top-5: 99.96%
Val Loss: 2.1423, Val Top-1: 64.91%, Val Top-5: 84.90%, Val Macro F1: 0.6378
Epoch Time: 6.21 min

Epoch 68/100
Train Loss: 0.0060, Train Top-1: 99.82%, Train Top-5: 99.98%
Val Loss: 2.2165, Val Top-1: 63.47%, Val Top-5: 84.98%, Val Macro F1: 0.6216
Epoch Time: 5.48 min

Epoch 69/100
Train Loss: 0.0096, Train Top-1: 99.78%, Train Top-5: 99.95%
Val Loss: 2.1231, Val Top-1: 63.74%, Val Top-5: 84.42%, Val Macro F1: 0.6284
Epoch Time: 5.42 min

Epoch 70/100
Train Loss: 0.0071, Train Top-1: 99.82%, Train Top-5: 99.96%
Val Loss: 2.0676, Val Top-1: 64.56%, Val Top-5: 84.93%, Val Macro F1: 0.6386
Epoch Time: 5.43 min

Epoch 71/100
Train Loss: 0.0083, Train Top-1: 99.82%, Train Top-5: 99.94%
Val Loss: 2.0446, Val Top-1: 65.48%, Val Top-5: 84.42%, Val Macro F1: 0.6433
Epoch Time: 5.33 min

Epoch 72/100
Train Loss: 0.0058, Train Top-1: 99.88%, Train Top-5: 99.98%
Val Loss: 2.1408, Val Top-1: 65.02%, Val Top-5: 84.55%, Val Macro F1: 0.6391
Epoch Time: 5.27 min

Epoch 73/100
Train Loss: 0.0063, Train Top-1: 99.88%, Train Top-5: 99.99%
Val Loss: 2.2532, Val Top-1: 63.64%, Val Top-5: 84.39%, Val Macro F1: 0.6277
Epoch Time: 5.46 min

Epoch 74/100
Train Loss: 0.0078, Train Top-1: 99.79%, Train Top-5: 99.97%
Val Loss: 2.1682, Val Top-1: 64.18%, Val Top-5: 84.28%, Val Macro F1: 0.6318
Epoch Time: 5.44 min

Epoch 75/100
Train Loss: 0.0081, Train Top-1: 99.79%, Train Top-5: 99.98%
Val Loss: 2.2131, Val Top-1: 64.66%, Val Top-5: 84.47%, Val Macro F1: 0.6361
Epoch Time: 5.38 min

Epoch 76/100
Train Loss: 0.0068, Train Top-1: 99.81%, Train Top-5: 99.97%
Val Loss: 2.1245, Val Top-1: 65.88%, Val Top-5: 84.77%, Val Macro F1: 0.6530
Epoch Time: 5.40 min

Epoch 77/100
Train Loss: 0.0055, Train Top-1: 99.89%, Train Top-5: 99.99%
Val Loss: 2.1435, Val Top-1: 64.99%, Val Top-5: 85.39%, Val Macro F1: 0.6427
Epoch Time: 6.53 min

Epoch 78/100
Train Loss: 0.0084, Train Top-1: 99.83%, Train Top-5: 99.96%
Val Loss: 2.0945, Val Top-1: 65.61%, Val Top-5: 84.42%, Val Macro F1: 0.6499
Epoch Time: 5.52 min

Epoch 79/100
Train Loss: 0.0042, Train Top-1: 99.90%, Train Top-5: 99.99%
Val Loss: 2.1686, Val Top-1: 66.21%, Val Top-5: 85.34%, Val Macro F1: 0.6548
Epoch Time: 5.50 min

Epoch 80/100
Train Loss: 0.0061, Train Top-1: 99.86%, Train Top-5: 99.95%
Val Loss: 2.1036, Val Top-1: 65.34%, Val Top-5: 85.36%, Val Macro F1: 0.6466
Epoch Time: 5.44 min

Epoch 81/100
Train Loss: 0.0070, Train Top-1: 99.85%, Train Top-5: 99.97%
Val Loss: 2.1073, Val Top-1: 66.04%, Val Top-5: 85.15%, Val Macro F1: 0.6527
Epoch Time: 5.38 min

Epoch 82/100
Train Loss: 0.0060, Train Top-1: 99.86%, Train Top-5: 99.99%
Val Loss: 2.1413, Val Top-1: 66.04%, Val Top-5: 84.63%, Val Macro F1: 0.6534
Epoch Time: 5.23 min

Epoch 83/100
Train Loss: 0.0041, Train Top-1: 99.89%, Train Top-5: 99.99%
Val Loss: 2.1642, Val Top-1: 65.42%, Val Top-5: 84.58%, Val Macro F1: 0.6487
Epoch Time: 5.43 min

Epoch 84/100
Train Loss: 0.0054, Train Top-1: 99.81%, Train Top-5: 99.98%
Val Loss: 2.1118, Val Top-1: 66.18%, Val Top-5: 85.23%, Val Macro F1: 0.6536
Epoch Time: 5.48 min

Epoch 85/100
Train Loss: 0.0043, Train Top-1: 99.90%, Train Top-5: 99.97%
Val Loss: 2.1324, Val Top-1: 66.04%, Val Top-5: 85.55%, Val Macro F1: 0.6529
Epoch Time: 5.35 min

Epoch 86/100
Train Loss: 0.0044, Train Top-1: 99.90%, Train Top-5: 99.97%
Val Loss: 2.0507, Val Top-1: 65.96%, Val Top-5: 85.17%, Val Macro F1: 0.6523
Epoch Time: 5.40 min

Epoch 87/100
Train Loss: 0.0042, Train Top-1: 99.89%, Train Top-5: 99.99%
Val Loss: 2.0484, Val Top-1: 66.67%, Val Top-5: 86.04%, Val Macro F1: 0.6590
Epoch Time: 5.64 min

Epoch 88/100
Train Loss: 0.0042, Train Top-1: 99.90%, Train Top-5: 99.97%
Val Loss: 2.0116, Val Top-1: 67.13%, Val Top-5: 85.61%, Val Macro F1: 0.6642
Epoch Time: 6.52 min

Epoch 89/100
Train Loss: 0.0045, Train Top-1: 99.88%, Train Top-5: 99.98%
Val Loss: 2.1018, Val Top-1: 66.59%, Val Top-5: 85.15%, Val Macro F1: 0.6545
Epoch Time: 5.47 min

Epoch 90/100
Train Loss: 0.0021, Train Top-1: 99.96%, Train Top-5: 99.99%
Val Loss: 2.0619, Val Top-1: 66.69%, Val Top-5: 85.88%, Val Macro F1: 0.6590
Epoch Time: 5.37 min

Epoch 91/100
Train Loss: 0.0028, Train Top-1: 99.94%, Train Top-5: 100.00%
Val Loss: 2.0526, Val Top-1: 66.56%, Val Top-5: 85.36%, Val Macro F1: 0.6565
Epoch Time: 5.34 min

Epoch 92/100
Train Loss: 0.0021, Train Top-1: 99.96%, Train Top-5: 100.00%
Val Loss: 2.0535, Val Top-1: 66.45%, Val Top-5: 85.52%, Val Macro F1: 0.6542
Epoch Time: 5.31 min

Epoch 93/100
Train Loss: 0.0041, Train Top-1: 99.90%, Train Top-5: 99.99%
Val Loss: 2.1480, Val Top-1: 66.15%, Val Top-5: 85.12%, Val Macro F1: 0.6520
Epoch Time: 5.45 min

Epoch 94/100
Train Loss: 0.0045, Train Top-1: 99.86%, Train Top-5: 99.97%
Val Loss: 2.0501, Val Top-1: 67.18%, Val Top-5: 85.90%, Val Macro F1: 0.6634
Epoch Time: 5.45 min

Epoch 95/100
Train Loss: 0.0031, Train Top-1: 99.94%, Train Top-5: 99.99%
Val Loss: 2.0769, Val Top-1: 66.48%, Val Top-5: 85.36%, Val Macro F1: 0.6561
Epoch Time: 5.44 min

Epoch 96/100
Train Loss: 0.0035, Train Top-1: 99.90%, Train Top-5: 100.00%
Val Loss: 2.0212, Val Top-1: 67.02%, Val Top-5: 85.47%, Val Macro F1: 0.6607
Epoch Time: 5.39 min

Epoch 97/100
Train Loss: 0.0026, Train Top-1: 99.91%, Train Top-5: 99.99%
Val Loss: 2.0795, Val Top-1: 67.34%, Val Top-5: 86.04%, Val Macro F1: 0.6641
Epoch Time: 5.24 min

Epoch 98/100
Train Loss: 0.0042, Train Top-1: 99.90%, Train Top-5: 99.98%
Val Loss: 2.1043, Val Top-1: 66.23%, Val Top-5: 84.85%, Val Macro F1: 0.6527
Epoch Time: 6.67 min

Epoch 99/100
Train Loss: 0.0026, Train Top-1: 99.95%, Train Top-5: 99.99%
Val Loss: 2.0972, Val Top-1: 66.15%, Val Top-5: 85.47%, Val Macro F1: 0.6514
Epoch Time: 5.53 min

Epoch 100/100
Train Loss: 0.0034, Train Top-1: 99.92%, Train Top-5: 99.97%
Val Loss: 2.0426, Val Top-1: 66.69%, Val Top-5: 85.39%, Val Macro F1: 0.6578
Epoch Time: 5.38 min

Training complete. Loading best checkpoint for final temporal evaluation...

Evaluating temporal fraction=0.25
Fraction 0.25: Top-1=68.34% | Top-5=88.80% | Macro P/R/F1=0.7102/0.6844/0.6769

Final metrics written to: /home/u257295/Thesis/outputs/resnet_f0.25_job44659/metrics_summary_44659.json
Best model checkpoint: /home/u257295/Thesis/outputs/resnet_f0.25_job44659/best_resnet_model.pth
